09:30:02.186 [main] INFO  com.yunfei.toolmaker.ToolMakerApplicationTests - Starting ToolMakerApplicationTests using Java 1.8.0_381 on DESKTOP-NFN5QCN with PID 60940 (started by DELL in F:\OneDrive\Java学习\ToolMaker)
09:30:02.212 [main] INFO  com.yunfei.toolmaker.ToolMakerApplicationTests - No active profile set, falling back to default profiles: default
09:30:04.845 [pool-2-thread-1] INFO  com.yunfei.toolmaker.service.impl.TimedMsgServiceImpl - the key doesn't exist.
09:30:05.965 [main] INFO  com.yunfei.toolmaker.ToolMakerApplicationTests - Started ToolMakerApplicationTests in 4.262 seconds (JVM running for 7.675)
09:30:11.011 [pool-2-thread-1] INFO  com.yunfei.toolmaker.service.impl.TimedMsgServiceImpl - the key doesn't exist.
09:30:16.922 [pool-2-thread-1] INFO  com.yunfei.toolmaker.service.impl.TimedMsgServiceImpl - the key doesn't exist.
09:35:41.129 [main] INFO  com.yunfei.toolmaker.ToolMakerApplicationTests - Starting ToolMakerApplicationTests using Java 1.8.0_381 on DESKTOP-NFN5QCN with PID 89216 (started by DELL in F:\OneDrive\Java学习\ToolMaker)
09:35:41.138 [main] INFO  com.yunfei.toolmaker.ToolMakerApplicationTests - No active profile set, falling back to default profiles: default
09:35:43.236 [pool-2-thread-1] INFO  com.yunfei.toolmaker.service.impl.TimedMsgServiceImpl - the key doesn't exist.
09:35:44.194 [main] INFO  com.yunfei.toolmaker.ToolMakerApplicationTests - Started ToolMakerApplicationTests in 3.433 seconds (JVM running for 4.678)
09:35:52.587 [pool-2-thread-1] INFO  com.yunfei.toolmaker.service.impl.TimedMsgServiceImpl - the key doesn't exist.
09:35:55.084 [pool-2-thread-1] INFO  com.yunfei.toolmaker.service.impl.TimedMsgServiceImpl - the key doesn't exist.
09:36:06.178 [pool-2-thread-1] INFO  com.yunfei.toolmaker.service.impl.TimedMsgServiceImpl - the key doesn't exist.
09:36:42.347 [main] INFO  com.yunfei.toolmaker.ToolMakerApplicationTests - Starting ToolMakerApplicationTests using Java 1.8.0_381 on DESKTOP-NFN5QCN with PID 32788 (started by DELL in F:\OneDrive\Java学习\ToolMaker)
09:36:42.355 [main] INFO  com.yunfei.toolmaker.ToolMakerApplicationTests - No active profile set, falling back to default profiles: default
09:36:44.486 [pool-2-thread-1] INFO  com.yunfei.toolmaker.service.impl.TimedMsgServiceImpl - the key doesn't exist.
09:36:45.348 [main] INFO  com.yunfei.toolmaker.ToolMakerApplicationTests - Started ToolMakerApplicationTests in 3.389 seconds (JVM running for 4.597)
09:36:50.840 [pool-2-thread-1] INFO  com.yunfei.toolmaker.service.impl.TimedMsgServiceImpl - the key doesn't exist.
09:51:25.233 [main] INFO  com.yunfei.toolmaker.ToolMakerApplicationTests - Starting ToolMakerApplicationTests using Java 1.8.0_381 on DESKTOP-NFN5QCN with PID 56616 (started by DELL in F:\OneDrive\Java学习\ToolMaker)
09:51:25.244 [main] INFO  com.yunfei.toolmaker.ToolMakerApplicationTests - No active profile set, falling back to default profiles: default
09:51:27.387 [pool-2-thread-1] INFO  com.yunfei.toolmaker.service.impl.TimedMsgServiceImpl - the key doesn't exist.
09:51:28.229 [main] INFO  com.yunfei.toolmaker.ToolMakerApplicationTests - Started ToolMakerApplicationTests in 3.378 seconds (JVM running for 4.734)
09:51:51.655 [pool-2-thread-1] INFO  com.yunfei.toolmaker.service.impl.TimedMsgServiceImpl - the key doesn't exist.
09:52:04.186 [pool-2-thread-1] INFO  com.yunfei.toolmaker.service.impl.TimedMsgServiceImpl - the key doesn't exist.
09:52:05.379 [pool-2-thread-1] INFO  com.yunfei.toolmaker.service.impl.TimedMsgServiceImpl - the key doesn't exist.
09:52:17.257 [pool-2-thread-1] INFO  com.yunfei.toolmaker.service.impl.TimedMsgServiceImpl - the key doesn't exist.
09:52:17.277 [pool-2-thread-1] INFO  com.yunfei.toolmaker.service.impl.TimedMsgServiceImpl - the key doesn't exist.
10:13:16.687 [main] INFO  com.yunfei.toolmaker.ToolMakerApplicationTests - Starting ToolMakerApplicationTests using Java 1.8.0_381 on DESKTOP-NFN5QCN with PID 36064 (started by DELL in F:\OneDrive\Java学习\ToolMaker)
10:13:16.696 [main] INFO  com.yunfei.toolmaker.ToolMakerApplicationTests - No active profile set, falling back to default profiles: default
10:13:18.779 [pool-2-thread-1] INFO  com.yunfei.toolmaker.service.impl.TimedMsgServiceImpl - the key doesn't exist.
10:13:19.821 [main] INFO  com.yunfei.toolmaker.ToolMakerApplicationTests - Started ToolMakerApplicationTests in 3.502 seconds (JVM running for 4.889)
10:13:28.357 [restartedMain] INFO  com.yunfei.toolmaker.ToolMakerApplication - Starting ToolMakerApplication using Java 1.8.0_381 on DESKTOP-NFN5QCN with PID 45460 (F:\OneDrive\Java学习\ToolMaker\target\classes started by DELL in F:\OneDrive\Java学习\ToolMaker)
10:13:28.365 [restartedMain] INFO  com.yunfei.toolmaker.ToolMakerApplication - No active profile set, falling back to default profiles: default
10:13:29.325 [restartedMain] INFO  org.apache.coyote.http11.Http11NioProtocol - Initializing ProtocolHandler ["http-nio-8080"]
10:13:29.326 [restartedMain] INFO  org.apache.catalina.core.StandardService - Starting service [Tomcat]
10:13:29.326 [restartedMain] INFO  org.apache.catalina.core.StandardEngine - Starting Servlet engine: [Apache Tomcat/9.0.53]
10:13:29.389 [restartedMain] INFO  org.apache.catalina.core.ContainerBase.[Tomcat].[localhost].[/] - Initializing Spring embedded WebApplicationContext
10:13:30.240 [pool-2-thread-1] INFO  com.yunfei.toolmaker.service.impl.TimedMsgServiceImpl - the key doesn't exist.
10:13:30.488 [restartedMain] INFO  org.apache.coyote.http11.Http11NioProtocol - Starting ProtocolHandler ["http-nio-8080"]
10:13:30.531 [restartedMain] INFO  com.yunfei.toolmaker.ToolMakerApplication - Started ToolMakerApplication in 2.572 seconds (JVM running for 3.718)
10:13:35.213 [pool-2-thread-1] INFO  com.yunfei.toolmaker.service.impl.TimedMsgServiceImpl - the key doesn't exist.
10:13:40.214 [pool-2-thread-1] INFO  com.yunfei.toolmaker.service.impl.TimedMsgServiceImpl - the key doesn't exist.
10:13:45.215 [pool-2-thread-1] INFO  com.yunfei.toolmaker.service.impl.TimedMsgServiceImpl - the key doesn't exist.
10:13:50.212 [pool-2-thread-1] INFO  com.yunfei.toolmaker.service.impl.TimedMsgServiceImpl - the key doesn't exist.
10:13:55.218 [pool-2-thread-1] INFO  com.yunfei.toolmaker.service.impl.TimedMsgServiceImpl - the key doesn't exist.
10:14:01.280 [pool-2-thread-1] INFO  com.yunfei.toolmaker.service.impl.TimedMsgServiceImpl - the key doesn't exist.
10:14:05.215 [pool-2-thread-1] INFO  com.yunfei.toolmaker.service.impl.TimedMsgServiceImpl - the key doesn't exist.
10:14:10.217 [pool-2-thread-1] INFO  com.yunfei.toolmaker.service.impl.TimedMsgServiceImpl - the key doesn't exist.
10:14:15.214 [pool-2-thread-1] INFO  com.yunfei.toolmaker.service.impl.TimedMsgServiceImpl - the key doesn't exist.
10:14:20.219 [pool-2-thread-1] INFO  com.yunfei.toolmaker.service.impl.TimedMsgServiceImpl - the key doesn't exist.
10:14:25.213 [pool-2-thread-1] INFO  com.yunfei.toolmaker.service.impl.TimedMsgServiceImpl - the key doesn't exist.
10:14:30.215 [pool-2-thread-1] INFO  com.yunfei.toolmaker.service.impl.TimedMsgServiceImpl - the key doesn't exist.
10:14:35.218 [pool-2-thread-1] INFO  com.yunfei.toolmaker.service.impl.TimedMsgServiceImpl - the key doesn't exist.
10:14:40.216 [pool-2-thread-1] INFO  com.yunfei.toolmaker.service.impl.TimedMsgServiceImpl - the key doesn't exist.
10:14:45.218 [pool-2-thread-1] INFO  com.yunfei.toolmaker.service.impl.TimedMsgServiceImpl - the key doesn't exist.
10:14:50.214 [pool-2-thread-1] INFO  com.yunfei.toolmaker.service.impl.TimedMsgServiceImpl - the key doesn't exist.
10:14:55.427 [pool-2-thread-1] INFO  com.yunfei.toolmaker.service.impl.TimedMsgServiceImpl - the key doesn't exist.
10:15:00.215 [pool-2-thread-1] INFO  com.yunfei.toolmaker.service.impl.TimedMsgServiceImpl - the key doesn't exist.
10:15:05.219 [pool-2-thread-1] INFO  com.yunfei.toolmaker.service.impl.TimedMsgServiceImpl - the key doesn't exist.
10:15:10.215 [pool-2-thread-1] INFO  com.yunfei.toolmaker.service.impl.TimedMsgServiceImpl - the key doesn't exist.
10:15:14.313 [http-nio-8080-exec-1] INFO  org.apache.catalina.core.ContainerBase.[Tomcat].[localhost].[/] - Initializing Spring DispatcherServlet 'dispatcherServlet'
10:15:15.216 [pool-2-thread-1] INFO  com.yunfei.toolmaker.service.impl.TimedMsgServiceImpl - the key doesn't exist.
10:15:20.213 [pool-2-thread-1] INFO  com.yunfei.toolmaker.service.impl.TimedMsgServiceImpl - the key doesn't exist.
10:15:22.427 [http-nio-8080-exec-2] INFO  com.zaxxer.hikari.HikariDataSource - HikariPool-1 - Starting...
10:15:22.428 [http-nio-8080-exec-2] WARN  com.zaxxer.hikari.util.DriverDataSource - Registered driver with driverClassName=com.mysql.jdbc.Driver was not found, trying direct instantiation.
10:15:23.748 [http-nio-8080-exec-2] INFO  com.zaxxer.hikari.HikariDataSource - HikariPool-1 - Start completed.
10:15:25.217 [pool-2-thread-1] INFO  com.yunfei.toolmaker.service.impl.TimedMsgServiceImpl - the key doesn't exist.
10:15:30.216 [pool-2-thread-1] INFO  com.yunfei.toolmaker.service.impl.TimedMsgServiceImpl - the key doesn't exist.
10:15:35.424 [pool-2-thread-1] INFO  com.yunfei.toolmaker.service.impl.TimedMsgServiceImpl - the key doesn't exist.
10:15:40.215 [pool-2-thread-1] INFO  com.yunfei.toolmaker.service.impl.TimedMsgServiceImpl - the key doesn't exist.
10:15:45.216 [pool-2-thread-1] INFO  com.yunfei.toolmaker.service.impl.TimedMsgServiceImpl - the key doesn't exist.
10:15:50.214 [pool-2-thread-1] INFO  com.yunfei.toolmaker.service.impl.TimedMsgServiceImpl - the key doesn't exist.
10:15:55.215 [pool-2-thread-1] INFO  com.yunfei.toolmaker.service.impl.TimedMsgServiceImpl - the key doesn't exist.
10:16:00.273 [pool-2-thread-1] INFO  com.yunfei.toolmaker.service.impl.TimedMsgServiceImpl - the key doesn't exist.
10:16:05.218 [pool-2-thread-1] INFO  com.yunfei.toolmaker.service.impl.TimedMsgServiceImpl - the key doesn't exist.
10:16:10.216 [pool-2-thread-1] INFO  com.yunfei.toolmaker.service.impl.TimedMsgServiceImpl - the key doesn't exist.
10:16:15.213 [pool-2-thread-1] INFO  com.yunfei.toolmaker.service.impl.TimedMsgServiceImpl - the key doesn't exist.
10:16:20.216 [pool-2-thread-1] INFO  com.yunfei.toolmaker.service.impl.TimedMsgServiceImpl - the key doesn't exist.
10:16:25.215 [pool-2-thread-1] INFO  com.yunfei.toolmaker.service.impl.TimedMsgServiceImpl - the key doesn't exist.
10:16:30.212 [pool-2-thread-1] INFO  com.yunfei.toolmaker.service.impl.TimedMsgServiceImpl - the key doesn't exist.
10:16:35.419 [pool-2-thread-1] INFO  com.yunfei.toolmaker.service.impl.TimedMsgServiceImpl - the key doesn't exist.
10:16:40.220 [pool-2-thread-1] INFO  com.yunfei.toolmaker.service.impl.TimedMsgServiceImpl - the key doesn't exist.
10:16:45.221 [pool-2-thread-1] INFO  com.yunfei.toolmaker.service.impl.TimedMsgServiceImpl - the key doesn't exist.
10:16:50.218 [pool-2-thread-1] INFO  com.yunfei.toolmaker.service.impl.TimedMsgServiceImpl - the key doesn't exist.
10:16:55.219 [pool-2-thread-1] INFO  com.yunfei.toolmaker.service.impl.TimedMsgServiceImpl - the key doesn't exist.
10:17:00.215 [pool-2-thread-1] INFO  com.yunfei.toolmaker.service.impl.TimedMsgServiceImpl - the key doesn't exist.
10:17:05.219 [pool-2-thread-1] INFO  com.yunfei.toolmaker.service.impl.TimedMsgServiceImpl - the key doesn't exist.
10:17:10.214 [pool-2-thread-1] INFO  com.yunfei.toolmaker.service.impl.TimedMsgServiceImpl - the key doesn't exist.
10:17:16.214 [pool-2-thread-1] INFO  com.yunfei.toolmaker.service.impl.TimedMsgServiceImpl - the key doesn't exist.
10:17:20.219 [pool-2-thread-1] INFO  com.yunfei.toolmaker.service.impl.TimedMsgServiceImpl - the key doesn't exist.
10:17:25.212 [pool-2-thread-1] INFO  com.yunfei.toolmaker.service.impl.TimedMsgServiceImpl - the key doesn't exist.
10:17:30.218 [pool-2-thread-1] INFO  com.yunfei.toolmaker.service.impl.TimedMsgServiceImpl - the key doesn't exist.
10:17:35.216 [pool-2-thread-1] INFO  com.yunfei.toolmaker.service.impl.TimedMsgServiceImpl - the key doesn't exist.
10:17:40.217 [pool-2-thread-1] INFO  com.yunfei.toolmaker.service.impl.TimedMsgServiceImpl - the key doesn't exist.
10:17:45.221 [pool-2-thread-1] INFO  com.yunfei.toolmaker.service.impl.TimedMsgServiceImpl - the key doesn't exist.
10:17:50.218 [pool-2-thread-1] INFO  com.yunfei.toolmaker.service.impl.TimedMsgServiceImpl - the key doesn't exist.
10:17:55.214 [pool-2-thread-1] INFO  com.yunfei.toolmaker.service.impl.TimedMsgServiceImpl - the key doesn't exist.
10:18:00.214 [pool-2-thread-1] INFO  com.yunfei.toolmaker.service.impl.TimedMsgServiceImpl - the key doesn't exist.
10:18:05.219 [pool-2-thread-1] INFO  com.yunfei.toolmaker.service.impl.TimedMsgServiceImpl - the key doesn't exist.
10:18:10.423 [pool-2-thread-1] INFO  com.yunfei.toolmaker.service.impl.TimedMsgServiceImpl - the key doesn't exist.
10:18:15.217 [pool-2-thread-1] INFO  com.yunfei.toolmaker.service.impl.TimedMsgServiceImpl - the key doesn't exist.
10:18:20.212 [pool-2-thread-1] INFO  com.yunfei.toolmaker.service.impl.TimedMsgServiceImpl - the key doesn't exist.
10:18:25.219 [pool-2-thread-1] INFO  com.yunfei.toolmaker.service.impl.TimedMsgServiceImpl - the key doesn't exist.
10:18:30.214 [pool-2-thread-1] INFO  com.yunfei.toolmaker.service.impl.TimedMsgServiceImpl - the key doesn't exist.
10:18:35.217 [pool-2-thread-1] INFO  com.yunfei.toolmaker.service.impl.TimedMsgServiceImpl - the key doesn't exist.
10:18:40.218 [pool-2-thread-1] INFO  com.yunfei.toolmaker.service.impl.TimedMsgServiceImpl - the key doesn't exist.
10:18:45.217 [pool-2-thread-1] INFO  com.yunfei.toolmaker.service.impl.TimedMsgServiceImpl - the key doesn't exist.
10:18:50.215 [pool-2-thread-1] INFO  com.yunfei.toolmaker.service.impl.TimedMsgServiceImpl - the key doesn't exist.
10:18:55.219 [pool-2-thread-1] INFO  com.yunfei.toolmaker.service.impl.TimedMsgServiceImpl - the key doesn't exist.
10:19:00.214 [pool-2-thread-1] INFO  com.yunfei.toolmaker.service.impl.TimedMsgServiceImpl - the key doesn't exist.
10:19:05.219 [pool-2-thread-1] INFO  com.yunfei.toolmaker.service.impl.TimedMsgServiceImpl - the key doesn't exist.
10:19:10.214 [pool-2-thread-1] INFO  com.yunfei.toolmaker.service.impl.TimedMsgServiceImpl - the key doesn't exist.
10:19:15.213 [pool-2-thread-1] INFO  com.yunfei.toolmaker.service.impl.TimedMsgServiceImpl - the key doesn't exist.
10:19:20.218 [pool-2-thread-1] INFO  com.yunfei.toolmaker.service.impl.TimedMsgServiceImpl - the key doesn't exist.
10:19:25.419 [pool-2-thread-1] INFO  com.yunfei.toolmaker.service.impl.TimedMsgServiceImpl - the key doesn't exist.
10:19:30.217 [pool-2-thread-1] INFO  com.yunfei.toolmaker.service.impl.TimedMsgServiceImpl - the key doesn't exist.
10:19:35.214 [pool-2-thread-1] INFO  com.yunfei.toolmaker.service.impl.TimedMsgServiceImpl - the key doesn't exist.
10:19:40.213 [pool-2-thread-1] INFO  com.yunfei.toolmaker.service.impl.TimedMsgServiceImpl - the key doesn't exist.
10:19:45.220 [pool-2-thread-1] INFO  com.yunfei.toolmaker.service.impl.TimedMsgServiceImpl - the key doesn't exist.
10:19:50.212 [pool-2-thread-1] INFO  com.yunfei.toolmaker.service.impl.TimedMsgServiceImpl - the key doesn't exist.
10:19:55.215 [pool-2-thread-1] INFO  com.yunfei.toolmaker.service.impl.TimedMsgServiceImpl - the key doesn't exist.
10:20:00.214 [pool-2-thread-1] INFO  com.yunfei.toolmaker.service.impl.TimedMsgServiceImpl - the key doesn't exist.
10:20:05.212 [pool-2-thread-1] INFO  com.yunfei.toolmaker.service.impl.TimedMsgServiceImpl - the key doesn't exist.
10:20:10.219 [pool-2-thread-1] INFO  com.yunfei.toolmaker.service.impl.TimedMsgServiceImpl - the key doesn't exist.
10:20:15.213 [pool-2-thread-1] INFO  com.yunfei.toolmaker.service.impl.TimedMsgServiceImpl - the key doesn't exist.
10:20:20.213 [pool-2-thread-1] INFO  com.yunfei.toolmaker.service.impl.TimedMsgServiceImpl - the key doesn't exist.
10:20:25.216 [pool-2-thread-1] INFO  com.yunfei.toolmaker.service.impl.TimedMsgServiceImpl - the key doesn't exist.
10:20:30.217 [pool-2-thread-1] INFO  com.yunfei.toolmaker.service.impl.TimedMsgServiceImpl - the key doesn't exist.
10:20:35.428 [pool-2-thread-1] INFO  com.yunfei.toolmaker.service.impl.TimedMsgServiceImpl - the key doesn't exist.
10:20:40.214 [pool-2-thread-1] INFO  com.yunfei.toolmaker.service.impl.TimedMsgServiceImpl - the key doesn't exist.
10:20:45.218 [pool-2-thread-1] INFO  com.yunfei.toolmaker.service.impl.TimedMsgServiceImpl - the key doesn't exist.
10:20:50.217 [pool-2-thread-1] INFO  com.yunfei.toolmaker.service.impl.TimedMsgServiceImpl - the key doesn't exist.
10:20:55.214 [pool-2-thread-1] INFO  com.yunfei.toolmaker.service.impl.TimedMsgServiceImpl - the key doesn't exist.
10:21:00.213 [pool-2-thread-1] INFO  com.yunfei.toolmaker.service.impl.TimedMsgServiceImpl - the key doesn't exist.
10:21:05.219 [pool-2-thread-1] INFO  com.yunfei.toolmaker.service.impl.TimedMsgServiceImpl - the key doesn't exist.
10:21:11.216 [pool-2-thread-1] INFO  com.yunfei.toolmaker.service.impl.TimedMsgServiceImpl - the key doesn't exist.
10:21:15.215 [pool-2-thread-1] INFO  com.yunfei.toolmaker.service.impl.TimedMsgServiceImpl - the key doesn't exist.
10:21:20.216 [pool-2-thread-1] INFO  com.yunfei.toolmaker.service.impl.TimedMsgServiceImpl - the key doesn't exist.
10:21:25.216 [pool-2-thread-1] INFO  com.yunfei.toolmaker.service.impl.TimedMsgServiceImpl - the key doesn't exist.
10:21:30.213 [pool-2-thread-1] INFO  com.yunfei.toolmaker.service.impl.TimedMsgServiceImpl - the key doesn't exist.
10:21:35.216 [pool-2-thread-1] INFO  com.yunfei.toolmaker.service.impl.TimedMsgServiceImpl - the key doesn't exist.
10:21:40.425 [pool-2-thread-1] INFO  com.yunfei.toolmaker.service.impl.TimedMsgServiceImpl - the key doesn't exist.
10:21:45.216 [pool-2-thread-1] INFO  com.yunfei.toolmaker.service.impl.TimedMsgServiceImpl - the key doesn't exist.
10:21:50.218 [pool-2-thread-1] INFO  com.yunfei.toolmaker.service.impl.TimedMsgServiceImpl - the key doesn't exist.
10:21:55.212 [pool-2-thread-1] INFO  com.yunfei.toolmaker.service.impl.TimedMsgServiceImpl - the key doesn't exist.
10:22:00.221 [pool-2-thread-1] INFO  com.yunfei.toolmaker.service.impl.TimedMsgServiceImpl - the key doesn't exist.
10:22:05.215 [pool-2-thread-1] INFO  com.yunfei.toolmaker.service.impl.TimedMsgServiceImpl - the key doesn't exist.
10:22:10.424 [pool-2-thread-1] INFO  com.yunfei.toolmaker.service.impl.TimedMsgServiceImpl - the key doesn't exist.
10:22:15.214 [pool-2-thread-1] INFO  com.yunfei.toolmaker.service.impl.TimedMsgServiceImpl - the key doesn't exist.
10:22:20.213 [pool-2-thread-1] INFO  com.yunfei.toolmaker.service.impl.TimedMsgServiceImpl - the key doesn't exist.
10:22:25.422 [pool-2-thread-1] INFO  com.yunfei.toolmaker.service.impl.TimedMsgServiceImpl - the key doesn't exist.
10:22:30.214 [pool-2-thread-1] INFO  com.yunfei.toolmaker.service.impl.TimedMsgServiceImpl - the key doesn't exist.
10:22:35.214 [pool-2-thread-1] INFO  com.yunfei.toolmaker.service.impl.TimedMsgServiceImpl - the key doesn't exist.
10:22:41.419 [pool-2-thread-1] INFO  com.yunfei.toolmaker.service.impl.TimedMsgServiceImpl - the key doesn't exist.
10:22:45.217 [pool-2-thread-1] INFO  com.yunfei.toolmaker.service.impl.TimedMsgServiceImpl - the key doesn't exist.
10:22:50.216 [pool-2-thread-1] INFO  com.yunfei.toolmaker.service.impl.TimedMsgServiceImpl - the key doesn't exist.
10:22:55.217 [pool-2-thread-1] INFO  com.yunfei.toolmaker.service.impl.TimedMsgServiceImpl - the key doesn't exist.
10:23:00.424 [pool-2-thread-1] INFO  com.yunfei.toolmaker.service.impl.TimedMsgServiceImpl - the key doesn't exist.
10:23:05.219 [pool-2-thread-1] INFO  com.yunfei.toolmaker.service.impl.TimedMsgServiceImpl - the key doesn't exist.
10:23:10.212 [pool-2-thread-1] INFO  com.yunfei.toolmaker.service.impl.TimedMsgServiceImpl - the key doesn't exist.
10:23:15.231 [pool-2-thread-1] INFO  com.yunfei.toolmaker.service.impl.TimedMsgServiceImpl - the key doesn't exist.
10:23:20.216 [pool-2-thread-1] INFO  com.yunfei.toolmaker.service.impl.TimedMsgServiceImpl - the key doesn't exist.
10:23:25.219 [pool-2-thread-1] INFO  com.yunfei.toolmaker.service.impl.TimedMsgServiceImpl - the key doesn't exist.
10:23:30.212 [pool-2-thread-1] INFO  com.yunfei.toolmaker.service.impl.TimedMsgServiceImpl - the key doesn't exist.
10:23:35.215 [pool-2-thread-1] INFO  com.yunfei.toolmaker.service.impl.TimedMsgServiceImpl - the key doesn't exist.
10:23:40.215 [pool-2-thread-1] INFO  com.yunfei.toolmaker.service.impl.TimedMsgServiceImpl - the key doesn't exist.
10:23:45.215 [pool-2-thread-1] INFO  com.yunfei.toolmaker.service.impl.TimedMsgServiceImpl - the key doesn't exist.
10:23:50.217 [pool-2-thread-1] INFO  com.yunfei.toolmaker.service.impl.TimedMsgServiceImpl - the key doesn't exist.
10:23:55.213 [pool-2-thread-1] INFO  com.yunfei.toolmaker.service.impl.TimedMsgServiceImpl - the key doesn't exist.
10:24:00.217 [pool-2-thread-1] INFO  com.yunfei.toolmaker.service.impl.TimedMsgServiceImpl - the key doesn't exist.
10:24:05.214 [pool-2-thread-1] INFO  com.yunfei.toolmaker.service.impl.TimedMsgServiceImpl - the key doesn't exist.
10:24:10.219 [pool-2-thread-1] INFO  com.yunfei.toolmaker.service.impl.TimedMsgServiceImpl - the key doesn't exist.
10:24:15.214 [pool-2-thread-1] INFO  com.yunfei.toolmaker.service.impl.TimedMsgServiceImpl - the key doesn't exist.
10:24:20.220 [pool-2-thread-1] INFO  com.yunfei.toolmaker.service.impl.TimedMsgServiceImpl - the key doesn't exist.
10:24:25.216 [pool-2-thread-1] INFO  com.yunfei.toolmaker.service.impl.TimedMsgServiceImpl - the key doesn't exist.
10:24:30.213 [pool-2-thread-1] INFO  com.yunfei.toolmaker.service.impl.TimedMsgServiceImpl - the key doesn't exist.
10:24:35.218 [pool-2-thread-1] INFO  com.yunfei.toolmaker.service.impl.TimedMsgServiceImpl - the key doesn't exist.
10:24:40.418 [pool-2-thread-1] INFO  com.yunfei.toolmaker.service.impl.TimedMsgServiceImpl - the key doesn't exist.
10:24:45.216 [pool-2-thread-1] INFO  com.yunfei.toolmaker.service.impl.TimedMsgServiceImpl - the key doesn't exist.
10:24:50.217 [pool-2-thread-1] INFO  com.yunfei.toolmaker.service.impl.TimedMsgServiceImpl - the key doesn't exist.
10:24:55.216 [pool-2-thread-1] INFO  com.yunfei.toolmaker.service.impl.TimedMsgServiceImpl - the key doesn't exist.
10:25:00.212 [pool-2-thread-1] INFO  com.yunfei.toolmaker.service.impl.TimedMsgServiceImpl - the key doesn't exist.
10:25:05.213 [pool-2-thread-1] INFO  com.yunfei.toolmaker.service.impl.TimedMsgServiceImpl - the key doesn't exist.
10:25:10.214 [pool-2-thread-1] INFO  com.yunfei.toolmaker.service.impl.TimedMsgServiceImpl - the key doesn't exist.
10:25:15.216 [pool-2-thread-1] INFO  com.yunfei.toolmaker.service.impl.TimedMsgServiceImpl - the key doesn't exist.
10:25:20.220 [pool-2-thread-1] INFO  com.yunfei.toolmaker.service.impl.TimedMsgServiceImpl - the key doesn't exist.
10:25:25.214 [pool-2-thread-1] INFO  com.yunfei.toolmaker.service.impl.TimedMsgServiceImpl - the key doesn't exist.
10:25:30.217 [pool-2-thread-1] INFO  com.yunfei.toolmaker.service.impl.TimedMsgServiceImpl - the key doesn't exist.
10:25:35.726 [pool-2-thread-1] INFO  com.yunfei.toolmaker.service.impl.TimedMsgServiceImpl - the key doesn't exist.
10:25:40.214 [pool-2-thread-1] INFO  com.yunfei.toolmaker.service.impl.TimedMsgServiceImpl - the key doesn't exist.
10:25:45.423 [pool-2-thread-1] INFO  com.yunfei.toolmaker.service.impl.TimedMsgServiceImpl - the key doesn't exist.
10:25:50.214 [pool-2-thread-1] INFO  com.yunfei.toolmaker.service.impl.TimedMsgServiceImpl - the key doesn't exist.
10:25:55.213 [pool-2-thread-1] INFO  com.yunfei.toolmaker.service.impl.TimedMsgServiceImpl - the key doesn't exist.
10:26:00.220 [pool-2-thread-1] INFO  com.yunfei.toolmaker.service.impl.TimedMsgServiceImpl - the key doesn't exist.
10:26:05.417 [pool-2-thread-1] INFO  com.yunfei.toolmaker.service.impl.TimedMsgServiceImpl - the key doesn't exist.
10:26:10.213 [pool-2-thread-1] INFO  com.yunfei.toolmaker.service.impl.TimedMsgServiceImpl - the key doesn't exist.
10:26:15.418 [pool-2-thread-1] INFO  com.yunfei.toolmaker.service.impl.TimedMsgServiceImpl - the key doesn't exist.
10:26:20.219 [pool-2-thread-1] INFO  com.yunfei.toolmaker.service.impl.TimedMsgServiceImpl - the key doesn't exist.
10:26:25.213 [pool-2-thread-1] INFO  com.yunfei.toolmaker.service.impl.TimedMsgServiceImpl - the key doesn't exist.
10:26:30.717 [pool-2-thread-1] INFO  com.yunfei.toolmaker.service.impl.TimedMsgServiceImpl - the key doesn't exist.
10:26:35.221 [pool-2-thread-1] INFO  com.yunfei.toolmaker.service.impl.TimedMsgServiceImpl - the key doesn't exist.
10:26:40.214 [pool-2-thread-1] INFO  com.yunfei.toolmaker.service.impl.TimedMsgServiceImpl - the key doesn't exist.
10:26:45.212 [pool-2-thread-1] INFO  com.yunfei.toolmaker.service.impl.TimedMsgServiceImpl - the key doesn't exist.
10:26:50.216 [pool-2-thread-1] INFO  com.yunfei.toolmaker.service.impl.TimedMsgServiceImpl - the key doesn't exist.
10:26:55.216 [pool-2-thread-1] INFO  com.yunfei.toolmaker.service.impl.TimedMsgServiceImpl - the key doesn't exist.
10:27:00.212 [pool-2-thread-1] INFO  com.yunfei.toolmaker.service.impl.TimedMsgServiceImpl - the key doesn't exist.
10:27:05.215 [pool-2-thread-1] INFO  com.yunfei.toolmaker.service.impl.TimedMsgServiceImpl - the key doesn't exist.
10:27:10.218 [pool-2-thread-1] INFO  com.yunfei.toolmaker.service.impl.TimedMsgServiceImpl - the key doesn't exist.
10:27:15.219 [pool-2-thread-1] INFO  com.yunfei.toolmaker.service.impl.TimedMsgServiceImpl - the key doesn't exist.
10:27:20.217 [pool-2-thread-1] INFO  com.yunfei.toolmaker.service.impl.TimedMsgServiceImpl - the key doesn't exist.
10:27:25.219 [pool-2-thread-1] INFO  com.yunfei.toolmaker.service.impl.TimedMsgServiceImpl - the key doesn't exist.
10:27:30.219 [pool-2-thread-1] INFO  com.yunfei.toolmaker.service.impl.TimedMsgServiceImpl - the key doesn't exist.
10:27:35.213 [pool-2-thread-1] INFO  com.yunfei.toolmaker.service.impl.TimedMsgServiceImpl - the key doesn't exist.
10:27:40.213 [pool-2-thread-1] INFO  com.yunfei.toolmaker.service.impl.TimedMsgServiceImpl - the key doesn't exist.
10:27:45.428 [pool-2-thread-1] INFO  com.yunfei.toolmaker.service.impl.TimedMsgServiceImpl - the key doesn't exist.
10:27:50.217 [pool-2-thread-1] INFO  com.yunfei.toolmaker.service.impl.TimedMsgServiceImpl - the key doesn't exist.
10:27:55.213 [pool-2-thread-1] INFO  com.yunfei.toolmaker.service.impl.TimedMsgServiceImpl - the key doesn't exist.
10:28:00.472 [pool-2-thread-1] INFO  com.yunfei.toolmaker.service.impl.TimedMsgServiceImpl - the key doesn't exist.
10:28:05.213 [pool-2-thread-1] INFO  com.yunfei.toolmaker.service.impl.TimedMsgServiceImpl - the key doesn't exist.
10:28:10.222 [pool-2-thread-1] INFO  com.yunfei.toolmaker.service.impl.TimedMsgServiceImpl - the key doesn't exist.
10:28:15.216 [pool-2-thread-1] INFO  com.yunfei.toolmaker.service.impl.TimedMsgServiceImpl - the key doesn't exist.
10:28:20.416 [pool-2-thread-1] INFO  com.yunfei.toolmaker.service.impl.TimedMsgServiceImpl - the key doesn't exist.
10:28:25.215 [pool-2-thread-1] INFO  com.yunfei.toolmaker.service.impl.TimedMsgServiceImpl - the key doesn't exist.
10:28:30.215 [pool-2-thread-1] INFO  com.yunfei.toolmaker.service.impl.TimedMsgServiceImpl - the key doesn't exist.
10:28:35.213 [pool-2-thread-1] INFO  com.yunfei.toolmaker.service.impl.TimedMsgServiceImpl - the key doesn't exist.
10:28:40.220 [pool-2-thread-1] INFO  com.yunfei.toolmaker.service.impl.TimedMsgServiceImpl - the key doesn't exist.
10:28:45.216 [pool-2-thread-1] INFO  com.yunfei.toolmaker.service.impl.TimedMsgServiceImpl - the key doesn't exist.
10:28:50.218 [pool-2-thread-1] INFO  com.yunfei.toolmaker.service.impl.TimedMsgServiceImpl - the key doesn't exist.
10:28:55.213 [pool-2-thread-1] INFO  com.yunfei.toolmaker.service.impl.TimedMsgServiceImpl - the key doesn't exist.
10:29:00.211 [pool-2-thread-1] INFO  com.yunfei.toolmaker.service.impl.TimedMsgServiceImpl - the key doesn't exist.
10:29:05.218 [pool-2-thread-1] INFO  com.yunfei.toolmaker.service.impl.TimedMsgServiceImpl - the key doesn't exist.
10:29:10.218 [pool-2-thread-1] INFO  com.yunfei.toolmaker.service.impl.TimedMsgServiceImpl - the key doesn't exist.
10:29:15.426 [pool-2-thread-1] INFO  com.yunfei.toolmaker.service.impl.TimedMsgServiceImpl - the key doesn't exist.
10:29:20.218 [pool-2-thread-1] INFO  com.yunfei.toolmaker.service.impl.TimedMsgServiceImpl - the key doesn't exist.
10:29:25.215 [pool-2-thread-1] INFO  com.yunfei.toolmaker.service.impl.TimedMsgServiceImpl - the key doesn't exist.
10:29:30.214 [pool-2-thread-1] INFO  com.yunfei.toolmaker.service.impl.TimedMsgServiceImpl - the key doesn't exist.
10:29:35.218 [pool-2-thread-1] INFO  com.yunfei.toolmaker.service.impl.TimedMsgServiceImpl - the key doesn't exist.
10:29:40.421 [pool-2-thread-1] INFO  com.yunfei.toolmaker.service.impl.TimedMsgServiceImpl - the key doesn't exist.
10:29:45.213 [pool-2-thread-1] INFO  com.yunfei.toolmaker.service.impl.TimedMsgServiceImpl - the key doesn't exist.
10:29:50.214 [pool-2-thread-1] INFO  com.yunfei.toolmaker.service.impl.TimedMsgServiceImpl - the key doesn't exist.
10:29:55.218 [pool-2-thread-1] INFO  com.yunfei.toolmaker.service.impl.TimedMsgServiceImpl - the key doesn't exist.
10:30:00.218 [pool-2-thread-1] INFO  com.yunfei.toolmaker.service.impl.TimedMsgServiceImpl - the key doesn't exist.
10:30:05.219 [pool-2-thread-1] INFO  com.yunfei.toolmaker.service.impl.TimedMsgServiceImpl - the key doesn't exist.
10:30:10.216 [pool-2-thread-1] INFO  com.yunfei.toolmaker.service.impl.TimedMsgServiceImpl - the key doesn't exist.
10:30:15.221 [pool-2-thread-1] INFO  com.yunfei.toolmaker.service.impl.TimedMsgServiceImpl - the key doesn't exist.
10:30:20.214 [pool-2-thread-1] INFO  com.yunfei.toolmaker.service.impl.TimedMsgServiceImpl - the key doesn't exist.
10:30:25.214 [pool-2-thread-1] INFO  com.yunfei.toolmaker.service.impl.TimedMsgServiceImpl - the key doesn't exist.
10:30:30.214 [pool-2-thread-1] INFO  com.yunfei.toolmaker.service.impl.TimedMsgServiceImpl - the key doesn't exist.
10:30:35.221 [pool-2-thread-1] INFO  com.yunfei.toolmaker.service.impl.TimedMsgServiceImpl - the key doesn't exist.
10:30:40.215 [pool-2-thread-1] INFO  com.yunfei.toolmaker.service.impl.TimedMsgServiceImpl - the key doesn't exist.
10:30:45.216 [pool-2-thread-1] INFO  com.yunfei.toolmaker.service.impl.TimedMsgServiceImpl - the key doesn't exist.
10:30:50.219 [pool-2-thread-1] INFO  com.yunfei.toolmaker.service.impl.TimedMsgServiceImpl - the key doesn't exist.
10:30:55.219 [pool-2-thread-1] INFO  com.yunfei.toolmaker.service.impl.TimedMsgServiceImpl - the key doesn't exist.
10:31:00.270 [pool-2-thread-1] INFO  com.yunfei.toolmaker.service.impl.TimedMsgServiceImpl - the key doesn't exist.
10:31:05.216 [pool-2-thread-1] INFO  com.yunfei.toolmaker.service.impl.TimedMsgServiceImpl - the key doesn't exist.
10:31:10.426 [pool-2-thread-1] INFO  com.yunfei.toolmaker.service.impl.TimedMsgServiceImpl - the key doesn't exist.
10:31:15.213 [pool-2-thread-1] INFO  com.yunfei.toolmaker.service.impl.TimedMsgServiceImpl - the key doesn't exist.
10:31:21.422 [pool-2-thread-1] INFO  com.yunfei.toolmaker.service.impl.TimedMsgServiceImpl - the key doesn't exist.
10:31:25.215 [pool-2-thread-1] INFO  com.yunfei.toolmaker.service.impl.TimedMsgServiceImpl - the key doesn't exist.
10:31:30.219 [pool-2-thread-1] INFO  com.yunfei.toolmaker.service.impl.TimedMsgServiceImpl - the key doesn't exist.
10:31:35.215 [pool-2-thread-1] INFO  com.yunfei.toolmaker.service.impl.TimedMsgServiceImpl - the key doesn't exist.
10:31:40.221 [pool-2-thread-1] INFO  com.yunfei.toolmaker.service.impl.TimedMsgServiceImpl - the key doesn't exist.
10:31:45.217 [pool-2-thread-1] INFO  com.yunfei.toolmaker.service.impl.TimedMsgServiceImpl - the key doesn't exist.
10:31:50.213 [pool-2-thread-1] INFO  com.yunfei.toolmaker.service.impl.TimedMsgServiceImpl - the key doesn't exist.
10:31:55.217 [pool-2-thread-1] INFO  com.yunfei.toolmaker.service.impl.TimedMsgServiceImpl - the key doesn't exist.
10:32:00.209 [pool-2-thread-1] INFO  com.yunfei.toolmaker.service.impl.TimedMsgServiceImpl - the key doesn't exist.
10:32:05.213 [pool-2-thread-1] INFO  com.yunfei.toolmaker.service.impl.TimedMsgServiceImpl - the key doesn't exist.
10:32:10.219 [pool-2-thread-1] INFO  com.yunfei.toolmaker.service.impl.TimedMsgServiceImpl - the key doesn't exist.
10:32:15.216 [pool-2-thread-1] INFO  com.yunfei.toolmaker.service.impl.TimedMsgServiceImpl - the key doesn't exist.
10:32:20.215 [pool-2-thread-1] INFO  com.yunfei.toolmaker.service.impl.TimedMsgServiceImpl - the key doesn't exist.
10:32:25.218 [pool-2-thread-1] INFO  com.yunfei.toolmaker.service.impl.TimedMsgServiceImpl - the key doesn't exist.
10:32:30.218 [pool-2-thread-1] INFO  com.yunfei.toolmaker.service.impl.TimedMsgServiceImpl - the key doesn't exist.
10:32:35.421 [pool-2-thread-1] INFO  com.yunfei.toolmaker.service.impl.TimedMsgServiceImpl - the key doesn't exist.
10:32:40.212 [pool-2-thread-1] INFO  com.yunfei.toolmaker.service.impl.TimedMsgServiceImpl - the key doesn't exist.
10:32:45.213 [pool-2-thread-1] INFO  com.yunfei.toolmaker.service.impl.TimedMsgServiceImpl - the key doesn't exist.
10:32:50.219 [pool-2-thread-1] INFO  com.yunfei.toolmaker.service.impl.TimedMsgServiceImpl - the key doesn't exist.
10:32:55.215 [pool-2-thread-1] INFO  com.yunfei.toolmaker.service.impl.TimedMsgServiceImpl - the key doesn't exist.
10:33:00.221 [pool-2-thread-1] INFO  com.yunfei.toolmaker.service.impl.TimedMsgServiceImpl - the key doesn't exist.
10:33:05.213 [pool-2-thread-1] INFO  com.yunfei.toolmaker.service.impl.TimedMsgServiceImpl - the key doesn't exist.
10:33:10.219 [pool-2-thread-1] INFO  com.yunfei.toolmaker.service.impl.TimedMsgServiceImpl - the key doesn't exist.
10:33:15.415 [pool-2-thread-1] INFO  com.yunfei.toolmaker.service.impl.TimedMsgServiceImpl - the key doesn't exist.
10:33:20.215 [pool-2-thread-1] INFO  com.yunfei.toolmaker.service.impl.TimedMsgServiceImpl - the key doesn't exist.
10:33:25.217 [pool-2-thread-1] INFO  com.yunfei.toolmaker.service.impl.TimedMsgServiceImpl - the key doesn't exist.
10:33:30.216 [pool-2-thread-1] INFO  com.yunfei.toolmaker.service.impl.TimedMsgServiceImpl - the key doesn't exist.
10:33:35.221 [pool-2-thread-1] INFO  com.yunfei.toolmaker.service.impl.TimedMsgServiceImpl - the key doesn't exist.
10:33:40.220 [pool-2-thread-1] INFO  com.yunfei.toolmaker.service.impl.TimedMsgServiceImpl - the key doesn't exist.
10:33:45.214 [pool-2-thread-1] INFO  com.yunfei.toolmaker.service.impl.TimedMsgServiceImpl - the key doesn't exist.
10:33:50.216 [pool-2-thread-1] INFO  com.yunfei.toolmaker.service.impl.TimedMsgServiceImpl - the key doesn't exist.
10:33:55.215 [pool-2-thread-1] INFO  com.yunfei.toolmaker.service.impl.TimedMsgServiceImpl - the key doesn't exist.
10:34:00.220 [pool-2-thread-1] INFO  com.yunfei.toolmaker.service.impl.TimedMsgServiceImpl - the key doesn't exist.
10:34:05.218 [pool-2-thread-1] INFO  com.yunfei.toolmaker.service.impl.TimedMsgServiceImpl - the key doesn't exist.
10:34:10.220 [pool-2-thread-1] INFO  com.yunfei.toolmaker.service.impl.TimedMsgServiceImpl - the key doesn't exist.
10:34:15.212 [pool-2-thread-1] INFO  com.yunfei.toolmaker.service.impl.TimedMsgServiceImpl - the key doesn't exist.
10:34:20.216 [pool-2-thread-1] INFO  com.yunfei.toolmaker.service.impl.TimedMsgServiceImpl - the key doesn't exist.
10:34:25.219 [pool-2-thread-1] INFO  com.yunfei.toolmaker.service.impl.TimedMsgServiceImpl - the key doesn't exist.
10:34:30.218 [pool-2-thread-1] INFO  com.yunfei.toolmaker.service.impl.TimedMsgServiceImpl - the key doesn't exist.
10:34:35.213 [pool-2-thread-1] INFO  com.yunfei.toolmaker.service.impl.TimedMsgServiceImpl - the key doesn't exist.
10:34:41.216 [pool-2-thread-1] INFO  com.yunfei.toolmaker.service.impl.TimedMsgServiceImpl - the key doesn't exist.
10:34:45.217 [pool-2-thread-1] INFO  com.yunfei.toolmaker.service.impl.TimedMsgServiceImpl - the key doesn't exist.
10:34:50.217 [pool-2-thread-1] INFO  com.yunfei.toolmaker.service.impl.TimedMsgServiceImpl - the key doesn't exist.
10:34:55.212 [pool-2-thread-1] INFO  com.yunfei.toolmaker.service.impl.TimedMsgServiceImpl - the key doesn't exist.
10:35:00.215 [pool-2-thread-1] INFO  com.yunfei.toolmaker.service.impl.TimedMsgServiceImpl - the key doesn't exist.
10:35:05.218 [pool-2-thread-1] INFO  com.yunfei.toolmaker.service.impl.TimedMsgServiceImpl - the key doesn't exist.
10:35:10.218 [pool-2-thread-1] INFO  com.yunfei.toolmaker.service.impl.TimedMsgServiceImpl - the key doesn't exist.
10:35:15.213 [pool-2-thread-1] INFO  com.yunfei.toolmaker.service.impl.TimedMsgServiceImpl - the key doesn't exist.
10:35:20.423 [pool-2-thread-1] INFO  com.yunfei.toolmaker.service.impl.TimedMsgServiceImpl - the key doesn't exist.
10:35:25.212 [pool-2-thread-1] INFO  com.yunfei.toolmaker.service.impl.TimedMsgServiceImpl - the key doesn't exist.
10:35:30.219 [pool-2-thread-1] INFO  com.yunfei.toolmaker.service.impl.TimedMsgServiceImpl - the key doesn't exist.
10:35:35.213 [pool-2-thread-1] INFO  com.yunfei.toolmaker.service.impl.TimedMsgServiceImpl - the key doesn't exist.
10:35:40.215 [pool-2-thread-1] INFO  com.yunfei.toolmaker.service.impl.TimedMsgServiceImpl - the key doesn't exist.
10:35:45.220 [pool-2-thread-1] INFO  com.yunfei.toolmaker.service.impl.TimedMsgServiceImpl - the key doesn't exist.
10:35:50.215 [pool-2-thread-1] INFO  com.yunfei.toolmaker.service.impl.TimedMsgServiceImpl - the key doesn't exist.
10:35:55.212 [pool-2-thread-1] INFO  com.yunfei.toolmaker.service.impl.TimedMsgServiceImpl - the key doesn't exist.
10:36:00.215 [pool-2-thread-1] INFO  com.yunfei.toolmaker.service.impl.TimedMsgServiceImpl - the key doesn't exist.
10:36:01.802 [SpringApplicationShutdownHook] INFO  com.zaxxer.hikari.HikariDataSource - HikariPool-1 - Shutdown initiated...
10:36:01.814 [SpringApplicationShutdownHook] INFO  com.zaxxer.hikari.HikariDataSource - HikariPool-1 - Shutdown completed.
10:36:10.252 [restartedMain] INFO  com.yunfei.toolmaker.ToolMakerApplication - Starting ToolMakerApplication using Java 1.8.0_381 on DESKTOP-NFN5QCN with PID 60476 (F:\OneDrive\Java学习\ToolMaker\target\classes started by DELL in F:\OneDrive\Java学习\ToolMaker)
10:36:10.260 [restartedMain] INFO  com.yunfei.toolmaker.ToolMakerApplication - No active profile set, falling back to default profiles: default
10:36:11.202 [restartedMain] INFO  org.apache.coyote.http11.Http11NioProtocol - Initializing ProtocolHandler ["http-nio-8080"]
10:36:11.202 [restartedMain] INFO  org.apache.catalina.core.StandardService - Starting service [Tomcat]
10:36:11.202 [restartedMain] INFO  org.apache.catalina.core.StandardEngine - Starting Servlet engine: [Apache Tomcat/9.0.53]
10:36:11.285 [restartedMain] INFO  org.apache.catalina.core.ContainerBase.[Tomcat].[localhost].[/] - Initializing Spring embedded WebApplicationContext
10:36:12.058 [pool-2-thread-1] INFO  com.yunfei.toolmaker.service.impl.TimedMsgServiceImpl - the key doesn't exist.
10:36:12.301 [restartedMain] INFO  org.apache.coyote.http11.Http11NioProtocol - Starting ProtocolHandler ["http-nio-8080"]
10:36:12.342 [restartedMain] INFO  com.yunfei.toolmaker.ToolMakerApplication - Started ToolMakerApplication in 2.493 seconds (JVM running for 3.359)
10:36:14.239 [http-nio-8080-exec-1] INFO  org.apache.catalina.core.ContainerBase.[Tomcat].[localhost].[/] - Initializing Spring DispatcherServlet 'dispatcherServlet'
10:36:18.100 [pool-2-thread-1] INFO  com.yunfei.toolmaker.service.impl.TimedMsgServiceImpl - the key doesn't exist.
10:36:22.035 [pool-2-thread-1] INFO  com.yunfei.toolmaker.service.impl.TimedMsgServiceImpl - the key doesn't exist.
10:36:27.038 [pool-2-thread-1] INFO  com.yunfei.toolmaker.service.impl.TimedMsgServiceImpl - the key doesn't exist.
10:36:32.039 [pool-2-thread-1] INFO  com.yunfei.toolmaker.service.impl.TimedMsgServiceImpl - the key doesn't exist.
10:36:37.037 [pool-2-thread-1] INFO  com.yunfei.toolmaker.service.impl.TimedMsgServiceImpl - the key doesn't exist.
10:36:42.033 [pool-2-thread-1] INFO  com.yunfei.toolmaker.service.impl.TimedMsgServiceImpl - the key doesn't exist.
10:36:47.033 [pool-2-thread-1] INFO  com.yunfei.toolmaker.service.impl.TimedMsgServiceImpl - the key doesn't exist.
10:36:52.037 [pool-2-thread-1] INFO  com.yunfei.toolmaker.service.impl.TimedMsgServiceImpl - the key doesn't exist.
10:36:57.036 [pool-2-thread-1] INFO  com.yunfei.toolmaker.service.impl.TimedMsgServiceImpl - the key doesn't exist.
10:37:02.036 [pool-2-thread-1] INFO  com.yunfei.toolmaker.service.impl.TimedMsgServiceImpl - the key doesn't exist.
10:37:07.034 [pool-2-thread-1] INFO  com.yunfei.toolmaker.service.impl.TimedMsgServiceImpl - the key doesn't exist.
10:37:29.673 [restartedMain] INFO  com.yunfei.toolmaker.ToolMakerApplication - Starting ToolMakerApplication using Java 1.8.0_381 on DESKTOP-NFN5QCN with PID 74944 (F:\OneDrive\Java学习\ToolMaker\target\classes started by DELL in F:\OneDrive\Java学习\ToolMaker)
10:37:29.680 [restartedMain] INFO  com.yunfei.toolmaker.ToolMakerApplication - No active profile set, falling back to default profiles: default
10:37:30.580 [restartedMain] INFO  org.apache.coyote.http11.Http11NioProtocol - Initializing ProtocolHandler ["http-nio-8080"]
10:37:30.581 [restartedMain] INFO  org.apache.catalina.core.StandardService - Starting service [Tomcat]
10:37:30.581 [restartedMain] INFO  org.apache.catalina.core.StandardEngine - Starting Servlet engine: [Apache Tomcat/9.0.53]
10:37:30.633 [restartedMain] INFO  org.apache.catalina.core.ContainerBase.[Tomcat].[localhost].[/] - Initializing Spring embedded WebApplicationContext
10:37:31.482 [pool-2-thread-1] INFO  com.yunfei.toolmaker.service.impl.TimedMsgServiceImpl - the key doesn't exist.
10:37:31.720 [restartedMain] INFO  org.apache.coyote.http11.Http11NioProtocol - Starting ProtocolHandler ["http-nio-8080"]
10:37:31.759 [restartedMain] INFO  com.yunfei.toolmaker.ToolMakerApplication - Started ToolMakerApplication in 2.476 seconds (JVM running for 3.329)
10:37:36.458 [pool-2-thread-1] INFO  com.yunfei.toolmaker.service.impl.TimedMsgServiceImpl - the key doesn't exist.
10:37:38.326 [http-nio-8080-exec-1] INFO  org.apache.catalina.core.ContainerBase.[Tomcat].[localhost].[/] - Initializing Spring DispatcherServlet 'dispatcherServlet'
10:37:41.458 [pool-2-thread-1] INFO  com.yunfei.toolmaker.service.impl.TimedMsgServiceImpl - the key doesn't exist.
10:37:46.462 [pool-2-thread-1] INFO  com.yunfei.toolmaker.service.impl.TimedMsgServiceImpl - the key doesn't exist.
10:37:51.459 [pool-2-thread-1] INFO  com.yunfei.toolmaker.service.impl.TimedMsgServiceImpl - the key doesn't exist.
11:05:44.126 [restartedMain] INFO  com.yunfei.toolmaker.ToolMakerApplication - Starting ToolMakerApplication using Java 1.8.0_381 on DESKTOP-NFN5QCN with PID 43840 (F:\OneDrive\Java学习\ToolMaker\target\classes started by DELL in F:\OneDrive\Java学习\ToolMaker)
11:05:44.134 [restartedMain] INFO  com.yunfei.toolmaker.ToolMakerApplication - No active profile set, falling back to default profiles: default
11:05:45.056 [restartedMain] INFO  org.apache.coyote.http11.Http11NioProtocol - Initializing ProtocolHandler ["http-nio-8080"]
11:05:45.056 [restartedMain] INFO  org.apache.catalina.core.StandardService - Starting service [Tomcat]
11:05:45.056 [restartedMain] INFO  org.apache.catalina.core.StandardEngine - Starting Servlet engine: [Apache Tomcat/9.0.53]
11:05:45.138 [restartedMain] INFO  org.apache.catalina.core.ContainerBase.[Tomcat].[localhost].[/] - Initializing Spring embedded WebApplicationContext
11:05:45.923 [pool-2-thread-1] INFO  com.yunfei.toolmaker.service.impl.TimedMsgServiceImpl - the key doesn't exist.
11:05:46.181 [restartedMain] INFO  org.apache.coyote.http11.Http11NioProtocol - Starting ProtocolHandler ["http-nio-8080"]
11:05:46.224 [restartedMain] INFO  com.yunfei.toolmaker.ToolMakerApplication - Started ToolMakerApplication in 2.489 seconds (JVM running for 3.37)
11:05:50.898 [pool-2-thread-1] INFO  com.yunfei.toolmaker.service.impl.TimedMsgServiceImpl - the key doesn't exist.
11:05:52.292 [http-nio-8080-exec-1] INFO  org.apache.catalina.core.ContainerBase.[Tomcat].[localhost].[/] - Initializing Spring DispatcherServlet 'dispatcherServlet'
11:05:52.896 [http-nio-8080-exec-2] ERROR org.apache.catalina.core.ContainerBase.[Tomcat].[localhost].[/].[dispatcherServlet] - Servlet.service() for servlet [dispatcherServlet] in context with path [] threw exception
java.io.FileNotFoundException: \logs\info.log (系统找不到指定的路径。)
	at java.io.FileInputStream.open0(Native Method) ~[?:1.8.0_381]
	at java.io.FileInputStream.open(FileInputStream.java:195) ~[?:1.8.0_381]
	at java.io.FileInputStream.<init>(FileInputStream.java:138) ~[?:1.8.0_381]
	at com.yunfei.toolmaker.controller.LogController.handleLog(LogController.java:23) ~[classes/:?]
	at sun.reflect.NativeMethodAccessorImpl.invoke0(Native Method) ~[?:1.8.0_381]
	at sun.reflect.NativeMethodAccessorImpl.invoke(NativeMethodAccessorImpl.java:62) ~[?:1.8.0_381]
	at sun.reflect.DelegatingMethodAccessorImpl.invoke(DelegatingMethodAccessorImpl.java:43) ~[?:1.8.0_381]
	at java.lang.reflect.Method.invoke(Method.java:498) ~[?:1.8.0_381]
	at org.springframework.web.method.support.InvocableHandlerMethod.doInvoke(InvocableHandlerMethod.java:205) ~[spring-web-5.3.10.jar:5.3.10]
	at org.springframework.web.method.support.InvocableHandlerMethod.invokeForRequest(InvocableHandlerMethod.java:150) ~[spring-web-5.3.10.jar:5.3.10]
	at org.springframework.web.servlet.mvc.method.annotation.ServletInvocableHandlerMethod.invokeAndHandle(ServletInvocableHandlerMethod.java:117) ~[spring-webmvc-5.3.10.jar:5.3.10]
	at org.springframework.web.servlet.mvc.method.annotation.RequestMappingHandlerAdapter.invokeHandlerMethod(RequestMappingHandlerAdapter.java:895) ~[spring-webmvc-5.3.10.jar:5.3.10]
	at org.springframework.web.servlet.mvc.method.annotation.RequestMappingHandlerAdapter.handleInternal(RequestMappingHandlerAdapter.java:808) ~[spring-webmvc-5.3.10.jar:5.3.10]
	at org.springframework.web.servlet.mvc.method.AbstractHandlerMethodAdapter.handle(AbstractHandlerMethodAdapter.java:87) ~[spring-webmvc-5.3.10.jar:5.3.10]
	at org.springframework.web.servlet.DispatcherServlet.doDispatch(DispatcherServlet.java:1067) ~[spring-webmvc-5.3.10.jar:5.3.10]
	at org.springframework.web.servlet.DispatcherServlet.doService(DispatcherServlet.java:963) ~[spring-webmvc-5.3.10.jar:5.3.10]
	at org.springframework.web.servlet.FrameworkServlet.processRequest(FrameworkServlet.java:1006) ~[spring-webmvc-5.3.10.jar:5.3.10]
	at org.springframework.web.servlet.FrameworkServlet.doGet(FrameworkServlet.java:898) ~[spring-webmvc-5.3.10.jar:5.3.10]
	at javax.servlet.http.HttpServlet.service(HttpServlet.java:655) ~[tomcat-embed-core-9.0.53.jar:4.0.FR]
	at org.springframework.web.servlet.FrameworkServlet.service(FrameworkServlet.java:883) ~[spring-webmvc-5.3.10.jar:5.3.10]
	at javax.servlet.http.HttpServlet.service(HttpServlet.java:764) ~[tomcat-embed-core-9.0.53.jar:4.0.FR]
	at org.apache.catalina.core.ApplicationFilterChain.internalDoFilter(ApplicationFilterChain.java:227) ~[tomcat-embed-core-9.0.53.jar:9.0.53]
	at org.apache.catalina.core.ApplicationFilterChain.doFilter(ApplicationFilterChain.java:162) ~[tomcat-embed-core-9.0.53.jar:9.0.53]
	at org.apache.tomcat.websocket.server.WsFilter.doFilter(WsFilter.java:53) ~[tomcat-embed-websocket-9.0.53.jar:9.0.53]
	at org.apache.catalina.core.ApplicationFilterChain.internalDoFilter(ApplicationFilterChain.java:189) ~[tomcat-embed-core-9.0.53.jar:9.0.53]
	at org.apache.catalina.core.ApplicationFilterChain.doFilter(ApplicationFilterChain.java:162) ~[tomcat-embed-core-9.0.53.jar:9.0.53]
	at org.springframework.session.web.http.SessionRepositoryFilter.doFilterInternal(SessionRepositoryFilter.java:142) ~[spring-session-core-2.5.2.jar:2.5.2]
	at org.springframework.session.web.http.OncePerRequestFilter.doFilter(OncePerRequestFilter.java:82) ~[spring-session-core-2.5.2.jar:2.5.2]
	at org.apache.catalina.core.ApplicationFilterChain.internalDoFilter(ApplicationFilterChain.java:189) ~[tomcat-embed-core-9.0.53.jar:9.0.53]
	at org.apache.catalina.core.ApplicationFilterChain.doFilter(ApplicationFilterChain.java:162) ~[tomcat-embed-core-9.0.53.jar:9.0.53]
	at org.springframework.web.filter.CharacterEncodingFilter.doFilterInternal(CharacterEncodingFilter.java:201) ~[spring-web-5.3.10.jar:5.3.10]
	at org.springframework.web.filter.OncePerRequestFilter.doFilter(OncePerRequestFilter.java:119) ~[spring-web-5.3.10.jar:5.3.10]
	at org.apache.catalina.core.ApplicationFilterChain.internalDoFilter(ApplicationFilterChain.java:189) ~[tomcat-embed-core-9.0.53.jar:9.0.53]
	at org.apache.catalina.core.ApplicationFilterChain.doFilter(ApplicationFilterChain.java:162) ~[tomcat-embed-core-9.0.53.jar:9.0.53]
	at org.apache.catalina.core.StandardWrapperValve.invoke(StandardWrapperValve.java:197) [tomcat-embed-core-9.0.53.jar:9.0.53]
	at org.apache.catalina.core.StandardContextValve.invoke(StandardContextValve.java:97) [tomcat-embed-core-9.0.53.jar:9.0.53]
	at org.apache.catalina.authenticator.AuthenticatorBase.invoke(AuthenticatorBase.java:540) [tomcat-embed-core-9.0.53.jar:9.0.53]
	at org.apache.catalina.core.StandardHostValve.invoke(StandardHostValve.java:135) [tomcat-embed-core-9.0.53.jar:9.0.53]
	at org.apache.catalina.valves.ErrorReportValve.invoke(ErrorReportValve.java:92) [tomcat-embed-core-9.0.53.jar:9.0.53]
	at org.apache.catalina.core.StandardEngineValve.invoke(StandardEngineValve.java:78) [tomcat-embed-core-9.0.53.jar:9.0.53]
	at org.apache.catalina.connector.CoyoteAdapter.service(CoyoteAdapter.java:357) [tomcat-embed-core-9.0.53.jar:9.0.53]
	at org.apache.coyote.http11.Http11Processor.service(Http11Processor.java:382) [tomcat-embed-core-9.0.53.jar:9.0.53]
	at org.apache.coyote.AbstractProcessorLight.process(AbstractProcessorLight.java:65) [tomcat-embed-core-9.0.53.jar:9.0.53]
	at org.apache.coyote.AbstractProtocol$ConnectionHandler.process(AbstractProtocol.java:893) [tomcat-embed-core-9.0.53.jar:9.0.53]
	at org.apache.tomcat.util.net.NioEndpoint$SocketProcessor.doRun(NioEndpoint.java:1726) [tomcat-embed-core-9.0.53.jar:9.0.53]
	at org.apache.tomcat.util.net.SocketProcessorBase.run(SocketProcessorBase.java:49) [tomcat-embed-core-9.0.53.jar:9.0.53]
	at org.apache.tomcat.util.threads.ThreadPoolExecutor.runWorker(ThreadPoolExecutor.java:1191) [tomcat-embed-core-9.0.53.jar:9.0.53]
	at org.apache.tomcat.util.threads.ThreadPoolExecutor$Worker.run(ThreadPoolExecutor.java:659) [tomcat-embed-core-9.0.53.jar:9.0.53]
	at org.apache.tomcat.util.threads.TaskThread$WrappingRunnable.run(TaskThread.java:61) [tomcat-embed-core-9.0.53.jar:9.0.53]
	at java.lang.Thread.run(Thread.java:750) [?:1.8.0_381]
11:05:55.894 [pool-2-thread-1] INFO  com.yunfei.toolmaker.service.impl.TimedMsgServiceImpl - the key doesn't exist.
11:06:00.894 [pool-2-thread-1] INFO  com.yunfei.toolmaker.service.impl.TimedMsgServiceImpl - the key doesn't exist.
11:08:00.322 [restartedMain] INFO  com.yunfei.toolmaker.ToolMakerApplication - Starting ToolMakerApplication using Java 1.8.0_381 on DESKTOP-NFN5QCN with PID 43396 (F:\OneDrive\Java学习\ToolMaker\target\classes started by DELL in F:\OneDrive\Java学习\ToolMaker)
11:08:00.330 [restartedMain] INFO  com.yunfei.toolmaker.ToolMakerApplication - No active profile set, falling back to default profiles: default
11:08:01.236 [restartedMain] INFO  org.apache.coyote.http11.Http11NioProtocol - Initializing ProtocolHandler ["http-nio-8080"]
11:08:01.236 [restartedMain] INFO  org.apache.catalina.core.StandardService - Starting service [Tomcat]
11:08:01.237 [restartedMain] INFO  org.apache.catalina.core.StandardEngine - Starting Servlet engine: [Apache Tomcat/9.0.53]
11:08:01.313 [restartedMain] INFO  org.apache.catalina.core.ContainerBase.[Tomcat].[localhost].[/] - Initializing Spring embedded WebApplicationContext
11:08:02.064 [pool-2-thread-1] INFO  com.yunfei.toolmaker.service.impl.TimedMsgServiceImpl - the key doesn't exist.
11:08:02.310 [restartedMain] INFO  org.apache.coyote.http11.Http11NioProtocol - Starting ProtocolHandler ["http-nio-8080"]
11:08:02.354 [restartedMain] INFO  com.yunfei.toolmaker.ToolMakerApplication - Started ToolMakerApplication in 2.454 seconds (JVM running for 3.341)
11:08:05.029 [http-nio-8080-exec-1] INFO  org.apache.catalina.core.ContainerBase.[Tomcat].[localhost].[/] - Initializing Spring DispatcherServlet 'dispatcherServlet'
11:08:07.047 [pool-2-thread-1] INFO  com.yunfei.toolmaker.service.impl.TimedMsgServiceImpl - the key doesn't exist.
11:08:12.254 [pool-2-thread-1] INFO  com.yunfei.toolmaker.service.impl.TimedMsgServiceImpl - the key doesn't exist.
11:08:17.041 [pool-2-thread-1] INFO  com.yunfei.toolmaker.service.impl.TimedMsgServiceImpl - the key doesn't exist.
11:08:22.040 [pool-2-thread-1] INFO  com.yunfei.toolmaker.service.impl.TimedMsgServiceImpl - the key doesn't exist.
11:08:27.044 [pool-2-thread-1] INFO  com.yunfei.toolmaker.service.impl.TimedMsgServiceImpl - the key doesn't exist.
11:08:32.041 [pool-2-thread-1] INFO  com.yunfei.toolmaker.service.impl.TimedMsgServiceImpl - the key doesn't exist.
11:09:50.153 [restartedMain] INFO  com.yunfei.toolmaker.ToolMakerApplication - Starting ToolMakerApplication using Java 1.8.0_381 on DESKTOP-NFN5QCN with PID 45652 (F:\OneDrive\Java学习\ToolMaker\target\classes started by DELL in F:\OneDrive\Java学习\ToolMaker)
11:09:50.160 [restartedMain] INFO  com.yunfei.toolmaker.ToolMakerApplication - No active profile set, falling back to default profiles: default
11:09:51.064 [restartedMain] INFO  org.apache.coyote.http11.Http11NioProtocol - Initializing ProtocolHandler ["http-nio-8080"]
11:09:51.064 [restartedMain] INFO  org.apache.catalina.core.StandardService - Starting service [Tomcat]
11:09:51.064 [restartedMain] INFO  org.apache.catalina.core.StandardEngine - Starting Servlet engine: [Apache Tomcat/9.0.53]
11:09:51.144 [restartedMain] INFO  org.apache.catalina.core.ContainerBase.[Tomcat].[localhost].[/] - Initializing Spring embedded WebApplicationContext
11:09:52.103 [pool-2-thread-1] INFO  com.yunfei.toolmaker.service.impl.TimedMsgServiceImpl - the key doesn't exist.
11:09:52.161 [restartedMain] INFO  org.apache.coyote.http11.Http11NioProtocol - Starting ProtocolHandler ["http-nio-8080"]
11:09:52.200 [restartedMain] INFO  com.yunfei.toolmaker.ToolMakerApplication - Started ToolMakerApplication in 2.437 seconds (JVM running for 3.329)
11:09:57.164 [http-nio-8080-exec-1] INFO  org.apache.catalina.core.ContainerBase.[Tomcat].[localhost].[/] - Initializing Spring DispatcherServlet 'dispatcherServlet'
11:09:57.297 [pool-2-thread-1] INFO  com.yunfei.toolmaker.service.impl.TimedMsgServiceImpl - the key doesn't exist.
11:10:01.884 [pool-2-thread-1] INFO  com.yunfei.toolmaker.service.impl.TimedMsgServiceImpl - the key doesn't exist.
11:10:06.882 [pool-2-thread-1] INFO  com.yunfei.toolmaker.service.impl.TimedMsgServiceImpl - the key doesn't exist.
11:10:11.888 [pool-2-thread-1] INFO  com.yunfei.toolmaker.service.impl.TimedMsgServiceImpl - the key doesn't exist.
11:10:17.095 [pool-2-thread-1] INFO  com.yunfei.toolmaker.service.impl.TimedMsgServiceImpl - the key doesn't exist.
11:10:21.888 [pool-2-thread-1] INFO  com.yunfei.toolmaker.service.impl.TimedMsgServiceImpl - the key doesn't exist.
11:10:27.090 [pool-2-thread-1] INFO  com.yunfei.toolmaker.service.impl.TimedMsgServiceImpl - the key doesn't exist.
11:10:31.885 [pool-2-thread-1] INFO  com.yunfei.toolmaker.service.impl.TimedMsgServiceImpl - the key doesn't exist.
11:10:36.885 [pool-2-thread-1] INFO  com.yunfei.toolmaker.service.impl.TimedMsgServiceImpl - the key doesn't exist.
11:10:41.885 [pool-2-thread-1] INFO  com.yunfei.toolmaker.service.impl.TimedMsgServiceImpl - the key doesn't exist.
11:10:46.886 [pool-2-thread-1] INFO  com.yunfei.toolmaker.service.impl.TimedMsgServiceImpl - the key doesn't exist.
11:10:51.882 [pool-2-thread-1] INFO  com.yunfei.toolmaker.service.impl.TimedMsgServiceImpl - the key doesn't exist.
11:10:56.889 [pool-2-thread-1] INFO  com.yunfei.toolmaker.service.impl.TimedMsgServiceImpl - the key doesn't exist.
11:11:02.086 [pool-2-thread-1] INFO  com.yunfei.toolmaker.service.impl.TimedMsgServiceImpl - the key doesn't exist.
11:11:06.883 [pool-2-thread-1] INFO  com.yunfei.toolmaker.service.impl.TimedMsgServiceImpl - the key doesn't exist.
11:11:12.095 [pool-2-thread-1] INFO  com.yunfei.toolmaker.service.impl.TimedMsgServiceImpl - the key doesn't exist.
11:11:16.884 [pool-2-thread-1] INFO  com.yunfei.toolmaker.service.impl.TimedMsgServiceImpl - the key doesn't exist.
11:11:21.884 [pool-2-thread-1] INFO  com.yunfei.toolmaker.service.impl.TimedMsgServiceImpl - the key doesn't exist.
11:11:26.885 [pool-2-thread-1] INFO  com.yunfei.toolmaker.service.impl.TimedMsgServiceImpl - the key doesn't exist.
11:11:31.888 [pool-2-thread-1] INFO  com.yunfei.toolmaker.service.impl.TimedMsgServiceImpl - the key doesn't exist.
11:11:36.886 [pool-2-thread-1] INFO  com.yunfei.toolmaker.service.impl.TimedMsgServiceImpl - the key doesn't exist.
11:11:41.882 [pool-2-thread-1] INFO  com.yunfei.toolmaker.service.impl.TimedMsgServiceImpl - the key doesn't exist.
11:11:46.886 [pool-2-thread-1] INFO  com.yunfei.toolmaker.service.impl.TimedMsgServiceImpl - the key doesn't exist.
11:11:51.882 [pool-2-thread-1] INFO  com.yunfei.toolmaker.service.impl.TimedMsgServiceImpl - the key doesn't exist.
11:11:56.880 [pool-2-thread-1] INFO  com.yunfei.toolmaker.service.impl.TimedMsgServiceImpl - the key doesn't exist.
11:12:01.887 [pool-2-thread-1] INFO  com.yunfei.toolmaker.service.impl.TimedMsgServiceImpl - the key doesn't exist.
11:12:06.889 [pool-2-thread-1] INFO  com.yunfei.toolmaker.service.impl.TimedMsgServiceImpl - the key doesn't exist.
11:12:07.179 [http-nio-8080-exec-7] ERROR org.apache.coyote.http11.Http11NioProtocol - Error reading request, ignored
java.lang.IllegalStateException: Calling [asyncPostProcess()] is not valid for a request with Async state [ERROR]
	at org.apache.coyote.AsyncStateMachine.asyncPostProcess(AsyncStateMachine.java:301) ~[tomcat-embed-core-9.0.53.jar:9.0.53]
	at org.apache.coyote.AbstractProcessor.asyncPostProcess(AbstractProcessor.java:195) ~[tomcat-embed-core-9.0.53.jar:9.0.53]
	at org.apache.coyote.AbstractProcessorLight.process(AbstractProcessorLight.java:81) ~[tomcat-embed-core-9.0.53.jar:9.0.53]
	at org.apache.coyote.AbstractProtocol$ConnectionHandler.process(AbstractProtocol.java:893) [tomcat-embed-core-9.0.53.jar:9.0.53]
	at org.apache.tomcat.util.net.NioEndpoint$SocketProcessor.doRun(NioEndpoint.java:1726) [tomcat-embed-core-9.0.53.jar:9.0.53]
	at org.apache.tomcat.util.net.SocketProcessorBase.run(SocketProcessorBase.java:49) [tomcat-embed-core-9.0.53.jar:9.0.53]
	at org.apache.tomcat.util.threads.ThreadPoolExecutor.runWorker(ThreadPoolExecutor.java:1191) [tomcat-embed-core-9.0.53.jar:9.0.53]
	at org.apache.tomcat.util.threads.ThreadPoolExecutor$Worker.run(ThreadPoolExecutor.java:659) [tomcat-embed-core-9.0.53.jar:9.0.53]
	at org.apache.tomcat.util.threads.TaskThread$WrappingRunnable.run(TaskThread.java:61) [tomcat-embed-core-9.0.53.jar:9.0.53]
	at java.lang.Thread.run(Thread.java:750) [?:1.8.0_381]
11:12:11.913 [pool-2-thread-1] INFO  com.yunfei.toolmaker.service.impl.TimedMsgServiceImpl - the key doesn't exist.
11:12:16.883 [pool-2-thread-1] INFO  com.yunfei.toolmaker.service.impl.TimedMsgServiceImpl - the key doesn't exist.
11:12:21.884 [pool-2-thread-1] INFO  com.yunfei.toolmaker.service.impl.TimedMsgServiceImpl - the key doesn't exist.
11:12:26.888 [pool-2-thread-1] INFO  com.yunfei.toolmaker.service.impl.TimedMsgServiceImpl - the key doesn't exist.
11:12:31.889 [pool-2-thread-1] INFO  com.yunfei.toolmaker.service.impl.TimedMsgServiceImpl - the key doesn't exist.
11:12:36.883 [pool-2-thread-1] INFO  com.yunfei.toolmaker.service.impl.TimedMsgServiceImpl - the key doesn't exist.
11:12:41.887 [pool-2-thread-1] INFO  com.yunfei.toolmaker.service.impl.TimedMsgServiceImpl - the key doesn't exist.
11:12:46.890 [pool-2-thread-1] INFO  com.yunfei.toolmaker.service.impl.TimedMsgServiceImpl - the key doesn't exist.
11:12:51.888 [pool-2-thread-1] INFO  com.yunfei.toolmaker.service.impl.TimedMsgServiceImpl - the key doesn't exist.
11:12:56.885 [pool-2-thread-1] INFO  com.yunfei.toolmaker.service.impl.TimedMsgServiceImpl - the key doesn't exist.
11:13:01.881 [pool-2-thread-1] INFO  com.yunfei.toolmaker.service.impl.TimedMsgServiceImpl - the key doesn't exist.
11:13:06.884 [pool-2-thread-1] INFO  com.yunfei.toolmaker.service.impl.TimedMsgServiceImpl - the key doesn't exist.
11:13:11.887 [pool-2-thread-1] INFO  com.yunfei.toolmaker.service.impl.TimedMsgServiceImpl - the key doesn't exist.
11:13:16.887 [pool-2-thread-1] INFO  com.yunfei.toolmaker.service.impl.TimedMsgServiceImpl - the key doesn't exist.
11:13:21.883 [pool-2-thread-1] INFO  com.yunfei.toolmaker.service.impl.TimedMsgServiceImpl - the key doesn't exist.
11:13:26.883 [pool-2-thread-1] INFO  com.yunfei.toolmaker.service.impl.TimedMsgServiceImpl - the key doesn't exist.
11:13:31.888 [pool-2-thread-1] INFO  com.yunfei.toolmaker.service.impl.TimedMsgServiceImpl - the key doesn't exist.
11:13:36.892 [pool-2-thread-1] INFO  com.yunfei.toolmaker.service.impl.TimedMsgServiceImpl - the key doesn't exist.
11:13:42.087 [pool-2-thread-1] INFO  com.yunfei.toolmaker.service.impl.TimedMsgServiceImpl - the key doesn't exist.
11:13:46.885 [pool-2-thread-1] INFO  com.yunfei.toolmaker.service.impl.TimedMsgServiceImpl - the key doesn't exist.
11:13:51.887 [pool-2-thread-1] INFO  com.yunfei.toolmaker.service.impl.TimedMsgServiceImpl - the key doesn't exist.
11:13:56.886 [pool-2-thread-1] INFO  com.yunfei.toolmaker.service.impl.TimedMsgServiceImpl - the key doesn't exist.
11:14:01.885 [pool-2-thread-1] INFO  com.yunfei.toolmaker.service.impl.TimedMsgServiceImpl - the key doesn't exist.
11:14:06.883 [pool-2-thread-1] INFO  com.yunfei.toolmaker.service.impl.TimedMsgServiceImpl - the key doesn't exist.
11:14:11.887 [pool-2-thread-1] INFO  com.yunfei.toolmaker.service.impl.TimedMsgServiceImpl - the key doesn't exist.
11:14:16.887 [pool-2-thread-1] INFO  com.yunfei.toolmaker.service.impl.TimedMsgServiceImpl - the key doesn't exist.
11:14:21.886 [pool-2-thread-1] INFO  com.yunfei.toolmaker.service.impl.TimedMsgServiceImpl - the key doesn't exist.
11:14:26.884 [pool-2-thread-1] INFO  com.yunfei.toolmaker.service.impl.TimedMsgServiceImpl - the key doesn't exist.
11:14:31.886 [pool-2-thread-1] INFO  com.yunfei.toolmaker.service.impl.TimedMsgServiceImpl - the key doesn't exist.
11:14:36.887 [pool-2-thread-1] INFO  com.yunfei.toolmaker.service.impl.TimedMsgServiceImpl - the key doesn't exist.
11:14:41.885 [pool-2-thread-1] INFO  com.yunfei.toolmaker.service.impl.TimedMsgServiceImpl - the key doesn't exist.
11:14:46.883 [pool-2-thread-1] INFO  com.yunfei.toolmaker.service.impl.TimedMsgServiceImpl - the key doesn't exist.
11:14:51.885 [pool-2-thread-1] INFO  com.yunfei.toolmaker.service.impl.TimedMsgServiceImpl - the key doesn't exist.
11:14:57.088 [pool-2-thread-1] INFO  com.yunfei.toolmaker.service.impl.TimedMsgServiceImpl - the key doesn't exist.
11:15:01.885 [pool-2-thread-1] INFO  com.yunfei.toolmaker.service.impl.TimedMsgServiceImpl - the key doesn't exist.
11:15:06.886 [pool-2-thread-1] INFO  com.yunfei.toolmaker.service.impl.TimedMsgServiceImpl - the key doesn't exist.
11:15:11.887 [pool-2-thread-1] INFO  com.yunfei.toolmaker.service.impl.TimedMsgServiceImpl - the key doesn't exist.
11:15:16.886 [pool-2-thread-1] INFO  com.yunfei.toolmaker.service.impl.TimedMsgServiceImpl - the key doesn't exist.
11:15:21.888 [pool-2-thread-1] INFO  com.yunfei.toolmaker.service.impl.TimedMsgServiceImpl - the key doesn't exist.
11:15:26.884 [pool-2-thread-1] INFO  com.yunfei.toolmaker.service.impl.TimedMsgServiceImpl - the key doesn't exist.
14:53:53.442 [restartedMain] INFO  com.yunfei.toolmaker.ToolMakerApplication - Starting ToolMakerApplication using Java 1.8.0_381 on DESKTOP-NFN5QCN with PID 81800 (F:\OneDrive\Java学习\ToolMaker\target\classes started by DELL in F:\OneDrive\Java学习\ToolMaker)
14:53:53.449 [restartedMain] INFO  com.yunfei.toolmaker.ToolMakerApplication - No active profile set, falling back to default profiles: default
14:53:54.361 [restartedMain] INFO  org.apache.coyote.http11.Http11NioProtocol - Initializing ProtocolHandler ["http-nio-8080"]
14:53:54.361 [restartedMain] INFO  org.apache.catalina.core.StandardService - Starting service [Tomcat]
14:53:54.362 [restartedMain] INFO  org.apache.catalina.core.StandardEngine - Starting Servlet engine: [Apache Tomcat/9.0.53]
14:53:54.470 [restartedMain] INFO  org.apache.catalina.core.ContainerBase.[Tomcat].[localhost].[/] - Initializing Spring embedded WebApplicationContext
14:53:55.340 [pool-2-thread-1] INFO  com.yunfei.toolmaker.service.impl.TimedMsgServiceImpl - the key doesn't exist.
14:53:55.596 [restartedMain] INFO  org.apache.coyote.http11.Http11NioProtocol - Starting ProtocolHandler ["http-nio-8080"]
14:53:55.637 [restartedMain] INFO  com.yunfei.toolmaker.ToolMakerApplication - Started ToolMakerApplication in 2.6 seconds (JVM running for 3.49)
14:54:00.307 [pool-2-thread-1] INFO  com.yunfei.toolmaker.service.impl.TimedMsgServiceImpl - the key doesn't exist.
14:54:05.310 [pool-2-thread-1] INFO  com.yunfei.toolmaker.service.impl.TimedMsgServiceImpl - the key doesn't exist.
14:54:09.603 [http-nio-8080-exec-1] INFO  org.apache.catalina.core.ContainerBase.[Tomcat].[localhost].[/] - Initializing Spring DispatcherServlet 'dispatcherServlet'
14:54:09.734 [http-nio-8080-exec-1] INFO  com.zaxxer.hikari.HikariDataSource - HikariPool-1 - Starting...
14:54:09.736 [http-nio-8080-exec-1] WARN  com.zaxxer.hikari.util.DriverDataSource - Registered driver with driverClassName=com.mysql.jdbc.Driver was not found, trying direct instantiation.
14:54:10.308 [pool-2-thread-1] INFO  com.yunfei.toolmaker.service.impl.TimedMsgServiceImpl - the key doesn't exist.
14:54:10.721 [http-nio-8080-exec-1] INFO  com.zaxxer.hikari.HikariDataSource - HikariPool-1 - Start completed.
14:54:15.311 [pool-2-thread-1] INFO  com.yunfei.toolmaker.service.impl.TimedMsgServiceImpl - the key doesn't exist.
14:54:20.320 [pool-2-thread-1] INFO  com.yunfei.toolmaker.service.impl.TimedMsgServiceImpl - the key doesn't exist.
14:54:25.309 [pool-2-thread-1] INFO  com.yunfei.toolmaker.service.impl.TimedMsgServiceImpl - the key doesn't exist.
14:54:30.309 [pool-2-thread-1] INFO  com.yunfei.toolmaker.service.impl.TimedMsgServiceImpl - the key doesn't exist.
14:54:35.311 [pool-2-thread-1] INFO  com.yunfei.toolmaker.service.impl.TimedMsgServiceImpl - the key doesn't exist.
14:54:40.309 [pool-2-thread-1] INFO  com.yunfei.toolmaker.service.impl.TimedMsgServiceImpl - the key doesn't exist.
14:54:47.385 [pool-2-thread-1] INFO  com.yunfei.toolmaker.service.impl.TimedMsgServiceImpl - the key doesn't exist.
14:54:52.125 [pool-2-thread-1] INFO  com.yunfei.toolmaker.service.impl.TimedMsgServiceImpl - the key doesn't exist.
14:54:55.315 [pool-2-thread-1] INFO  com.yunfei.toolmaker.service.impl.TimedMsgServiceImpl - the key doesn't exist.
14:55:00.306 [pool-2-thread-1] INFO  com.yunfei.toolmaker.service.impl.TimedMsgServiceImpl - the key doesn't exist.
14:55:05.512 [pool-2-thread-1] INFO  com.yunfei.toolmaker.service.impl.TimedMsgServiceImpl - the key doesn't exist.
14:55:10.310 [pool-2-thread-1] INFO  com.yunfei.toolmaker.service.impl.TimedMsgServiceImpl - the key doesn't exist.
14:55:15.314 [pool-2-thread-1] INFO  com.yunfei.toolmaker.service.impl.TimedMsgServiceImpl - the key doesn't exist.
14:55:20.310 [pool-2-thread-1] INFO  com.yunfei.toolmaker.service.impl.TimedMsgServiceImpl - the key doesn't exist.
14:55:25.310 [pool-2-thread-1] INFO  com.yunfei.toolmaker.service.impl.TimedMsgServiceImpl - the key doesn't exist.
14:55:30.312 [pool-2-thread-1] INFO  com.yunfei.toolmaker.service.impl.TimedMsgServiceImpl - the key doesn't exist.
14:55:35.307 [pool-2-thread-1] INFO  com.yunfei.toolmaker.service.impl.TimedMsgServiceImpl - the key doesn't exist.
14:55:35.763 [SpringApplicationShutdownHook] INFO  com.zaxxer.hikari.HikariDataSource - HikariPool-1 - Shutdown initiated...
14:55:35.772 [SpringApplicationShutdownHook] INFO  com.zaxxer.hikari.HikariDataSource - HikariPool-1 - Shutdown completed.
14:56:36.619 [restartedMain] INFO  com.yunfei.toolmaker.ToolMakerApplication - Starting ToolMakerApplication using Java 1.8.0_381 on DESKTOP-NFN5QCN with PID 16132 (F:\OneDrive\Java学习\ToolMaker\target\classes started by DELL in F:\OneDrive\Java学习\ToolMaker)
14:56:36.626 [restartedMain] INFO  com.yunfei.toolmaker.ToolMakerApplication - No active profile set, falling back to default profiles: default
14:56:37.508 [restartedMain] INFO  org.apache.coyote.http11.Http11NioProtocol - Initializing ProtocolHandler ["http-nio-8080"]
14:56:37.509 [restartedMain] INFO  org.apache.catalina.core.StandardService - Starting service [Tomcat]
14:56:37.509 [restartedMain] INFO  org.apache.catalina.core.StandardEngine - Starting Servlet engine: [Apache Tomcat/9.0.53]
14:56:37.587 [restartedMain] INFO  org.apache.catalina.core.ContainerBase.[Tomcat].[localhost].[/] - Initializing Spring embedded WebApplicationContext
14:56:38.334 [pool-2-thread-1] INFO  com.yunfei.toolmaker.service.impl.TimedMsgServiceImpl - the key doesn't exist.
14:56:38.585 [restartedMain] INFO  org.apache.coyote.http11.Http11NioProtocol - Starting ProtocolHandler ["http-nio-8080"]
14:56:38.626 [restartedMain] INFO  com.yunfei.toolmaker.ToolMakerApplication - Started ToolMakerApplication in 2.396 seconds (JVM running for 3.267)
14:56:41.177 [http-nio-8080-exec-1] INFO  org.apache.catalina.core.ContainerBase.[Tomcat].[localhost].[/] - Initializing Spring DispatcherServlet 'dispatcherServlet'
14:56:44.311 [pool-2-thread-1] INFO  com.yunfei.toolmaker.service.impl.TimedMsgServiceImpl - the key doesn't exist.
14:56:48.305 [pool-2-thread-1] INFO  com.yunfei.toolmaker.service.impl.TimedMsgServiceImpl - the key doesn't exist.
14:56:53.306 [pool-2-thread-1] INFO  com.yunfei.toolmaker.service.impl.TimedMsgServiceImpl - the key doesn't exist.
15:04:48.818 [restartedMain] INFO  com.yunfei.toolmaker.ToolMakerApplication - Starting ToolMakerApplication using Java 1.8.0_381 on DESKTOP-NFN5QCN with PID 83892 (F:\OneDrive\Java学习\ToolMaker\target\classes started by DELL in F:\OneDrive\Java学习\ToolMaker)
15:04:48.825 [restartedMain] INFO  com.yunfei.toolmaker.ToolMakerApplication - No active profile set, falling back to default profiles: default
15:04:49.719 [restartedMain] INFO  org.apache.coyote.http11.Http11NioProtocol - Initializing ProtocolHandler ["http-nio-8080"]
15:04:49.719 [restartedMain] INFO  org.apache.catalina.core.StandardService - Starting service [Tomcat]
15:04:49.719 [restartedMain] INFO  org.apache.catalina.core.StandardEngine - Starting Servlet engine: [Apache Tomcat/9.0.53]
15:04:49.798 [restartedMain] INFO  org.apache.catalina.core.ContainerBase.[Tomcat].[localhost].[/] - Initializing Spring embedded WebApplicationContext
15:04:50.552 [pool-2-thread-1] INFO  com.yunfei.toolmaker.service.impl.TimedMsgServiceImpl - the key doesn't exist.
15:04:50.799 [restartedMain] INFO  org.apache.coyote.http11.Http11NioProtocol - Starting ProtocolHandler ["http-nio-8080"]
15:04:50.842 [restartedMain] INFO  com.yunfei.toolmaker.ToolMakerApplication - Started ToolMakerApplication in 2.42 seconds (JVM running for 3.292)
15:04:55.532 [pool-2-thread-1] INFO  com.yunfei.toolmaker.service.impl.TimedMsgServiceImpl - the key doesn't exist.
15:05:00.535 [pool-2-thread-1] INFO  com.yunfei.toolmaker.service.impl.TimedMsgServiceImpl - the key doesn't exist.
15:05:05.738 [pool-2-thread-1] INFO  com.yunfei.toolmaker.service.impl.TimedMsgServiceImpl - the key doesn't exist.
15:05:10.533 [pool-2-thread-1] INFO  com.yunfei.toolmaker.service.impl.TimedMsgServiceImpl - the key doesn't exist.
15:05:15.529 [pool-2-thread-1] INFO  com.yunfei.toolmaker.service.impl.TimedMsgServiceImpl - the key doesn't exist.
15:05:20.528 [pool-2-thread-1] INFO  com.yunfei.toolmaker.service.impl.TimedMsgServiceImpl - the key doesn't exist.
15:05:25.531 [pool-2-thread-1] INFO  com.yunfei.toolmaker.service.impl.TimedMsgServiceImpl - the key doesn't exist.
15:05:30.532 [pool-2-thread-1] INFO  com.yunfei.toolmaker.service.impl.TimedMsgServiceImpl - the key doesn't exist.
15:05:35.531 [pool-2-thread-1] INFO  com.yunfei.toolmaker.service.impl.TimedMsgServiceImpl - the key doesn't exist.
15:05:40.732 [pool-2-thread-1] INFO  com.yunfei.toolmaker.service.impl.TimedMsgServiceImpl - the key doesn't exist.
15:05:45.532 [pool-2-thread-1] INFO  com.yunfei.toolmaker.service.impl.TimedMsgServiceImpl - the key doesn't exist.
15:05:50.527 [pool-2-thread-1] INFO  com.yunfei.toolmaker.service.impl.TimedMsgServiceImpl - the key doesn't exist.
15:05:55.535 [pool-2-thread-1] INFO  com.yunfei.toolmaker.service.impl.TimedMsgServiceImpl - the key doesn't exist.
15:06:00.533 [pool-2-thread-1] INFO  com.yunfei.toolmaker.service.impl.TimedMsgServiceImpl - the key doesn't exist.
15:06:05.533 [pool-2-thread-1] INFO  com.yunfei.toolmaker.service.impl.TimedMsgServiceImpl - the key doesn't exist.
15:06:10.533 [pool-2-thread-1] INFO  com.yunfei.toolmaker.service.impl.TimedMsgServiceImpl - the key doesn't exist.
15:06:15.529 [pool-2-thread-1] INFO  com.yunfei.toolmaker.service.impl.TimedMsgServiceImpl - the key doesn't exist.
15:06:20.530 [pool-2-thread-1] INFO  com.yunfei.toolmaker.service.impl.TimedMsgServiceImpl - the key doesn't exist.
15:06:25.529 [pool-2-thread-1] INFO  com.yunfei.toolmaker.service.impl.TimedMsgServiceImpl - the key doesn't exist.
15:06:30.945 [pool-2-thread-1] INFO  com.yunfei.toolmaker.service.impl.TimedMsgServiceImpl - the key doesn't exist.
15:06:35.532 [pool-2-thread-1] INFO  com.yunfei.toolmaker.service.impl.TimedMsgServiceImpl - the key doesn't exist.
15:06:40.532 [pool-2-thread-1] INFO  com.yunfei.toolmaker.service.impl.TimedMsgServiceImpl - the key doesn't exist.
15:06:45.533 [pool-2-thread-1] INFO  com.yunfei.toolmaker.service.impl.TimedMsgServiceImpl - the key doesn't exist.
15:06:50.530 [pool-2-thread-1] INFO  com.yunfei.toolmaker.service.impl.TimedMsgServiceImpl - the key doesn't exist.
15:06:55.532 [pool-2-thread-1] INFO  com.yunfei.toolmaker.service.impl.TimedMsgServiceImpl - the key doesn't exist.
15:07:00.535 [pool-2-thread-1] INFO  com.yunfei.toolmaker.service.impl.TimedMsgServiceImpl - the key doesn't exist.
15:07:05.530 [pool-2-thread-1] INFO  com.yunfei.toolmaker.service.impl.TimedMsgServiceImpl - the key doesn't exist.
15:07:10.529 [pool-2-thread-1] INFO  com.yunfei.toolmaker.service.impl.TimedMsgServiceImpl - the key doesn't exist.
15:07:15.535 [pool-2-thread-1] INFO  com.yunfei.toolmaker.service.impl.TimedMsgServiceImpl - the key doesn't exist.
15:07:20.528 [pool-2-thread-1] INFO  com.yunfei.toolmaker.service.impl.TimedMsgServiceImpl - the key doesn't exist.
15:07:25.536 [pool-2-thread-1] INFO  com.yunfei.toolmaker.service.impl.TimedMsgServiceImpl - the key doesn't exist.
15:07:30.738 [pool-2-thread-1] INFO  com.yunfei.toolmaker.service.impl.TimedMsgServiceImpl - the key doesn't exist.
15:07:35.534 [pool-2-thread-1] INFO  com.yunfei.toolmaker.service.impl.TimedMsgServiceImpl - the key doesn't exist.
15:07:40.532 [pool-2-thread-1] INFO  com.yunfei.toolmaker.service.impl.TimedMsgServiceImpl - the key doesn't exist.
15:07:45.533 [pool-2-thread-1] INFO  com.yunfei.toolmaker.service.impl.TimedMsgServiceImpl - the key doesn't exist.
15:07:50.530 [pool-2-thread-1] INFO  com.yunfei.toolmaker.service.impl.TimedMsgServiceImpl - the key doesn't exist.
15:07:55.529 [pool-2-thread-1] INFO  com.yunfei.toolmaker.service.impl.TimedMsgServiceImpl - the key doesn't exist.
15:08:00.535 [pool-2-thread-1] INFO  com.yunfei.toolmaker.service.impl.TimedMsgServiceImpl - the key doesn't exist.
15:08:05.734 [pool-2-thread-1] INFO  com.yunfei.toolmaker.service.impl.TimedMsgServiceImpl - the key doesn't exist.
15:08:10.531 [pool-2-thread-1] INFO  com.yunfei.toolmaker.service.impl.TimedMsgServiceImpl - the key doesn't exist.
15:08:15.532 [pool-2-thread-1] INFO  com.yunfei.toolmaker.service.impl.TimedMsgServiceImpl - the key doesn't exist.
15:08:20.529 [pool-2-thread-1] INFO  com.yunfei.toolmaker.service.impl.TimedMsgServiceImpl - the key doesn't exist.
15:08:25.535 [pool-2-thread-1] INFO  com.yunfei.toolmaker.service.impl.TimedMsgServiceImpl - the key doesn't exist.
15:08:30.529 [pool-2-thread-1] INFO  com.yunfei.toolmaker.service.impl.TimedMsgServiceImpl - the key doesn't exist.
15:08:35.528 [pool-2-thread-1] INFO  com.yunfei.toolmaker.service.impl.TimedMsgServiceImpl - the key doesn't exist.
15:08:40.531 [pool-2-thread-1] INFO  com.yunfei.toolmaker.service.impl.TimedMsgServiceImpl - the key doesn't exist.
15:08:45.530 [pool-2-thread-1] INFO  com.yunfei.toolmaker.service.impl.TimedMsgServiceImpl - the key doesn't exist.
15:08:50.739 [pool-2-thread-1] INFO  com.yunfei.toolmaker.service.impl.TimedMsgServiceImpl - the key doesn't exist.
15:08:55.529 [pool-2-thread-1] INFO  com.yunfei.toolmaker.service.impl.TimedMsgServiceImpl - the key doesn't exist.
15:09:00.529 [pool-2-thread-1] INFO  com.yunfei.toolmaker.service.impl.TimedMsgServiceImpl - the key doesn't exist.
15:09:05.528 [pool-2-thread-1] INFO  com.yunfei.toolmaker.service.impl.TimedMsgServiceImpl - the key doesn't exist.
15:09:10.533 [pool-2-thread-1] INFO  com.yunfei.toolmaker.service.impl.TimedMsgServiceImpl - the key doesn't exist.
15:09:15.533 [pool-2-thread-1] INFO  com.yunfei.toolmaker.service.impl.TimedMsgServiceImpl - the key doesn't exist.
15:09:20.535 [pool-2-thread-1] INFO  com.yunfei.toolmaker.service.impl.TimedMsgServiceImpl - the key doesn't exist.
15:09:25.535 [pool-2-thread-1] INFO  com.yunfei.toolmaker.service.impl.TimedMsgServiceImpl - the key doesn't exist.
15:09:30.528 [pool-2-thread-1] INFO  com.yunfei.toolmaker.service.impl.TimedMsgServiceImpl - the key doesn't exist.
15:09:35.528 [pool-2-thread-1] INFO  com.yunfei.toolmaker.service.impl.TimedMsgServiceImpl - the key doesn't exist.
15:09:40.530 [pool-2-thread-1] INFO  com.yunfei.toolmaker.service.impl.TimedMsgServiceImpl - the key doesn't exist.
15:09:45.534 [pool-2-thread-1] INFO  com.yunfei.toolmaker.service.impl.TimedMsgServiceImpl - the key doesn't exist.
15:09:50.535 [pool-2-thread-1] INFO  com.yunfei.toolmaker.service.impl.TimedMsgServiceImpl - the key doesn't exist.
15:09:55.532 [pool-2-thread-1] INFO  com.yunfei.toolmaker.service.impl.TimedMsgServiceImpl - the key doesn't exist.
15:10:00.529 [pool-2-thread-1] INFO  com.yunfei.toolmaker.service.impl.TimedMsgServiceImpl - the key doesn't exist.
15:10:05.529 [pool-2-thread-1] INFO  com.yunfei.toolmaker.service.impl.TimedMsgServiceImpl - the key doesn't exist.
15:10:10.533 [pool-2-thread-1] INFO  com.yunfei.toolmaker.service.impl.TimedMsgServiceImpl - the key doesn't exist.
15:10:14.548 [http-nio-8080-exec-1] INFO  org.apache.catalina.core.ContainerBase.[Tomcat].[localhost].[/] - Initializing Spring DispatcherServlet 'dispatcherServlet'
15:10:15.531 [pool-2-thread-1] INFO  com.yunfei.toolmaker.service.impl.TimedMsgServiceImpl - the key doesn't exist.
15:10:15.560 [http-nio-8080-exec-2] INFO  com.zaxxer.hikari.HikariDataSource - HikariPool-1 - Starting...
15:10:15.562 [http-nio-8080-exec-2] WARN  com.zaxxer.hikari.util.DriverDataSource - Registered driver with driverClassName=com.mysql.jdbc.Driver was not found, trying direct instantiation.
15:10:16.146 [http-nio-8080-exec-2] INFO  com.zaxxer.hikari.HikariDataSource - HikariPool-1 - Start completed.
15:10:20.529 [pool-2-thread-1] INFO  com.yunfei.toolmaker.service.impl.TimedMsgServiceImpl - the key doesn't exist.
15:10:25.532 [pool-2-thread-1] INFO  com.yunfei.toolmaker.service.impl.TimedMsgServiceImpl - the key doesn't exist.
15:10:30.532 [pool-2-thread-1] INFO  com.yunfei.toolmaker.service.impl.TimedMsgServiceImpl - the key doesn't exist.
15:10:35.530 [pool-2-thread-1] INFO  com.yunfei.toolmaker.service.impl.TimedMsgServiceImpl - the key doesn't exist.
15:10:40.527 [pool-2-thread-1] INFO  com.yunfei.toolmaker.service.impl.TimedMsgServiceImpl - the key doesn't exist.
15:10:45.535 [pool-2-thread-1] INFO  com.yunfei.toolmaker.service.impl.TimedMsgServiceImpl - the key doesn't exist.
15:10:50.530 [pool-2-thread-1] INFO  com.yunfei.toolmaker.service.impl.TimedMsgServiceImpl - the key doesn't exist.
15:10:55.532 [pool-2-thread-1] INFO  com.yunfei.toolmaker.service.impl.TimedMsgServiceImpl - the key doesn't exist.
15:11:00.528 [pool-2-thread-1] INFO  com.yunfei.toolmaker.service.impl.TimedMsgServiceImpl - the key doesn't exist.
15:11:05.534 [pool-2-thread-1] INFO  com.yunfei.toolmaker.service.impl.TimedMsgServiceImpl - the key doesn't exist.
15:11:10.528 [pool-2-thread-1] INFO  com.yunfei.toolmaker.service.impl.TimedMsgServiceImpl - the key doesn't exist.
15:11:15.533 [pool-2-thread-1] INFO  com.yunfei.toolmaker.service.impl.TimedMsgServiceImpl - the key doesn't exist.
15:11:20.535 [pool-2-thread-1] INFO  com.yunfei.toolmaker.service.impl.TimedMsgServiceImpl - the key doesn't exist.
15:11:25.530 [pool-2-thread-1] INFO  com.yunfei.toolmaker.service.impl.TimedMsgServiceImpl - the key doesn't exist.
15:11:40.256 [pool-2-thread-1] INFO  com.yunfei.toolmaker.service.impl.TimedMsgServiceImpl - the key doesn't exist.
15:11:40.276 [pool-2-thread-1] INFO  com.yunfei.toolmaker.service.impl.TimedMsgServiceImpl - the key doesn't exist.
15:11:40.532 [pool-2-thread-1] INFO  com.yunfei.toolmaker.service.impl.TimedMsgServiceImpl - the key doesn't exist.
15:11:45.534 [pool-2-thread-1] INFO  com.yunfei.toolmaker.service.impl.TimedMsgServiceImpl - the key doesn't exist.
15:13:06.316 [HikariPool-1 housekeeper] WARN  com.zaxxer.hikari.pool.HikariPool - HikariPool-1 - Thread starvation or clock leap detected (housekeeper delta=1m50s66ms725µs200ns).
15:13:06.332 [pool-2-thread-1] INFO  com.yunfei.toolmaker.service.impl.TimedMsgServiceImpl - the key doesn't exist.
15:13:06.351 [pool-2-thread-1] INFO  com.yunfei.toolmaker.service.impl.TimedMsgServiceImpl - the key doesn't exist.
15:13:06.408 [pool-2-thread-1] INFO  com.yunfei.toolmaker.service.impl.TimedMsgServiceImpl - the key doesn't exist.
15:13:06.424 [pool-2-thread-1] INFO  com.yunfei.toolmaker.service.impl.TimedMsgServiceImpl - the key doesn't exist.
15:13:06.443 [pool-2-thread-1] INFO  com.yunfei.toolmaker.service.impl.TimedMsgServiceImpl - the key doesn't exist.
15:13:06.459 [pool-2-thread-1] INFO  com.yunfei.toolmaker.service.impl.TimedMsgServiceImpl - the key doesn't exist.
15:13:06.474 [pool-2-thread-1] INFO  com.yunfei.toolmaker.service.impl.TimedMsgServiceImpl - the key doesn't exist.
15:13:06.705 [pool-2-thread-1] INFO  com.yunfei.toolmaker.service.impl.TimedMsgServiceImpl - the key doesn't exist.
15:13:07.723 [pool-2-thread-1] INFO  com.yunfei.toolmaker.service.impl.TimedMsgServiceImpl - the key doesn't exist.
15:13:07.740 [pool-2-thread-1] INFO  com.yunfei.toolmaker.service.impl.TimedMsgServiceImpl - the key doesn't exist.
15:13:07.760 [pool-2-thread-1] INFO  com.yunfei.toolmaker.service.impl.TimedMsgServiceImpl - the key doesn't exist.
15:13:07.778 [pool-2-thread-1] INFO  com.yunfei.toolmaker.service.impl.TimedMsgServiceImpl - the key doesn't exist.
15:13:07.802 [pool-2-thread-1] INFO  com.yunfei.toolmaker.service.impl.TimedMsgServiceImpl - the key doesn't exist.
15:13:07.824 [pool-2-thread-1] INFO  com.yunfei.toolmaker.service.impl.TimedMsgServiceImpl - the key doesn't exist.
15:13:07.841 [pool-2-thread-1] INFO  com.yunfei.toolmaker.service.impl.TimedMsgServiceImpl - the key doesn't exist.
15:13:07.856 [pool-2-thread-1] INFO  com.yunfei.toolmaker.service.impl.TimedMsgServiceImpl - the key doesn't exist.
15:13:08.574 [SpringApplicationShutdownHook] INFO  com.zaxxer.hikari.HikariDataSource - HikariPool-1 - Shutdown initiated...
15:13:08.583 [SpringApplicationShutdownHook] INFO  com.zaxxer.hikari.HikariDataSource - HikariPool-1 - Shutdown completed.
15:13:29.905 [restartedMain] INFO  com.yunfei.toolmaker.ToolMakerApplication - Starting ToolMakerApplication using Java 1.8.0_381 on DESKTOP-NFN5QCN with PID 76452 (F:\OneDrive\Java学习\ToolMaker\target\classes started by DELL in F:\OneDrive\Java学习\ToolMaker)
15:13:29.912 [restartedMain] INFO  com.yunfei.toolmaker.ToolMakerApplication - No active profile set, falling back to default profiles: default
15:13:30.790 [restartedMain] INFO  org.apache.coyote.http11.Http11NioProtocol - Initializing ProtocolHandler ["http-nio-8080"]
15:13:30.790 [restartedMain] INFO  org.apache.catalina.core.StandardService - Starting service [Tomcat]
15:13:30.790 [restartedMain] INFO  org.apache.catalina.core.StandardEngine - Starting Servlet engine: [Apache Tomcat/9.0.53]
15:13:30.871 [restartedMain] INFO  org.apache.catalina.core.ContainerBase.[Tomcat].[localhost].[/] - Initializing Spring embedded WebApplicationContext
15:13:31.608 [pool-2-thread-1] INFO  com.yunfei.toolmaker.service.impl.TimedMsgServiceImpl - the key doesn't exist.
15:13:31.860 [restartedMain] INFO  org.apache.coyote.http11.Http11NioProtocol - Starting ProtocolHandler ["http-nio-8080"]
15:13:31.900 [restartedMain] INFO  com.yunfei.toolmaker.ToolMakerApplication - Started ToolMakerApplication in 2.383 seconds (JVM running for 3.303)
15:13:35.331 [http-nio-8080-exec-1] INFO  org.apache.catalina.core.ContainerBase.[Tomcat].[localhost].[/] - Initializing Spring DispatcherServlet 'dispatcherServlet'
15:13:35.951 [http-nio-8080-exec-2] INFO  com.zaxxer.hikari.HikariDataSource - HikariPool-1 - Starting...
15:13:35.952 [http-nio-8080-exec-2] WARN  com.zaxxer.hikari.util.DriverDataSource - Registered driver with driverClassName=com.mysql.jdbc.Driver was not found, trying direct instantiation.
15:13:36.590 [pool-2-thread-1] INFO  com.yunfei.toolmaker.service.impl.TimedMsgServiceImpl - the key doesn't exist.
15:13:36.640 [http-nio-8080-exec-2] INFO  com.zaxxer.hikari.HikariDataSource - HikariPool-1 - Start completed.
15:13:41.592 [pool-2-thread-1] INFO  com.yunfei.toolmaker.service.impl.TimedMsgServiceImpl - the key doesn't exist.
15:13:46.591 [pool-2-thread-1] INFO  com.yunfei.toolmaker.service.impl.TimedMsgServiceImpl - the key doesn't exist.
15:13:51.592 [pool-2-thread-1] INFO  com.yunfei.toolmaker.service.impl.TimedMsgServiceImpl - the key doesn't exist.
15:13:56.588 [pool-2-thread-1] INFO  com.yunfei.toolmaker.service.impl.TimedMsgServiceImpl - the key doesn't exist.
15:14:01.592 [pool-2-thread-1] INFO  com.yunfei.toolmaker.service.impl.TimedMsgServiceImpl - the key doesn't exist.
15:14:03.862 [SpringApplicationShutdownHook] INFO  com.zaxxer.hikari.HikariDataSource - HikariPool-1 - Shutdown initiated...
15:14:03.870 [SpringApplicationShutdownHook] INFO  com.zaxxer.hikari.HikariDataSource - HikariPool-1 - Shutdown completed.
15:14:09.607 [restartedMain] INFO  com.yunfei.toolmaker.ToolMakerApplication - Starting ToolMakerApplication using Java 1.8.0_381 on DESKTOP-NFN5QCN with PID 78300 (F:\OneDrive\Java学习\ToolMaker\target\classes started by DELL in F:\OneDrive\Java学习\ToolMaker)
15:14:09.614 [restartedMain] INFO  com.yunfei.toolmaker.ToolMakerApplication - No active profile set, falling back to default profiles: default
15:14:10.483 [restartedMain] INFO  org.apache.coyote.http11.Http11NioProtocol - Initializing ProtocolHandler ["http-nio-8080"]
15:14:10.483 [restartedMain] INFO  org.apache.catalina.core.StandardService - Starting service [Tomcat]
15:14:10.483 [restartedMain] INFO  org.apache.catalina.core.StandardEngine - Starting Servlet engine: [Apache Tomcat/9.0.53]
15:14:10.562 [restartedMain] INFO  org.apache.catalina.core.ContainerBase.[Tomcat].[localhost].[/] - Initializing Spring embedded WebApplicationContext
15:14:11.296 [pool-2-thread-1] INFO  com.yunfei.toolmaker.service.impl.TimedMsgServiceImpl - the key doesn't exist.
15:14:11.543 [restartedMain] INFO  org.apache.coyote.http11.Http11NioProtocol - Starting ProtocolHandler ["http-nio-8080"]
15:14:11.583 [restartedMain] INFO  com.yunfei.toolmaker.ToolMakerApplication - Started ToolMakerApplication in 2.371 seconds (JVM running for 3.239)
15:14:16.278 [pool-2-thread-1] INFO  com.yunfei.toolmaker.service.impl.TimedMsgServiceImpl - the key doesn't exist.
15:14:20.139 [http-nio-8080-exec-1] INFO  org.apache.catalina.core.ContainerBase.[Tomcat].[localhost].[/] - Initializing Spring DispatcherServlet 'dispatcherServlet'
15:14:20.284 [http-nio-8080-exec-1] INFO  com.zaxxer.hikari.HikariDataSource - HikariPool-1 - Starting...
15:14:20.286 [http-nio-8080-exec-1] WARN  com.zaxxer.hikari.util.DriverDataSource - Registered driver with driverClassName=com.mysql.jdbc.Driver was not found, trying direct instantiation.
15:14:21.045 [http-nio-8080-exec-1] INFO  com.zaxxer.hikari.HikariDataSource - HikariPool-1 - Start completed.
15:14:21.275 [pool-2-thread-1] INFO  com.yunfei.toolmaker.service.impl.TimedMsgServiceImpl - the key doesn't exist.
15:14:26.274 [pool-2-thread-1] INFO  com.yunfei.toolmaker.service.impl.TimedMsgServiceImpl - the key doesn't exist.
15:14:31.275 [pool-2-thread-1] INFO  com.yunfei.toolmaker.service.impl.TimedMsgServiceImpl - the key doesn't exist.
15:14:36.278 [pool-2-thread-1] INFO  com.yunfei.toolmaker.service.impl.TimedMsgServiceImpl - the key doesn't exist.
15:14:41.274 [pool-2-thread-1] INFO  com.yunfei.toolmaker.service.impl.TimedMsgServiceImpl - the key doesn't exist.
15:14:46.488 [pool-2-thread-1] INFO  com.yunfei.toolmaker.service.impl.TimedMsgServiceImpl - the key doesn't exist.
15:14:51.272 [pool-2-thread-1] INFO  com.yunfei.toolmaker.service.impl.TimedMsgServiceImpl - the key doesn't exist.
15:14:56.272 [pool-2-thread-1] INFO  com.yunfei.toolmaker.service.impl.TimedMsgServiceImpl - the key doesn't exist.
15:15:01.277 [pool-2-thread-1] INFO  com.yunfei.toolmaker.service.impl.TimedMsgServiceImpl - the key doesn't exist.
15:15:06.275 [pool-2-thread-1] INFO  com.yunfei.toolmaker.service.impl.TimedMsgServiceImpl - the key doesn't exist.
15:15:11.275 [pool-2-thread-1] INFO  com.yunfei.toolmaker.service.impl.TimedMsgServiceImpl - the key doesn't exist.
15:15:16.278 [pool-2-thread-1] INFO  com.yunfei.toolmaker.service.impl.TimedMsgServiceImpl - the key doesn't exist.
15:15:21.277 [pool-2-thread-1] INFO  com.yunfei.toolmaker.service.impl.TimedMsgServiceImpl - the key doesn't exist.
15:15:26.273 [pool-2-thread-1] INFO  com.yunfei.toolmaker.service.impl.TimedMsgServiceImpl - the key doesn't exist.
15:15:31.278 [pool-2-thread-1] INFO  com.yunfei.toolmaker.service.impl.TimedMsgServiceImpl - the key doesn't exist.
15:15:36.282 [pool-2-thread-1] INFO  com.yunfei.toolmaker.service.impl.TimedMsgServiceImpl - the key doesn't exist.
15:15:41.274 [pool-2-thread-1] INFO  com.yunfei.toolmaker.service.impl.TimedMsgServiceImpl - the key doesn't exist.
15:15:46.278 [pool-2-thread-1] INFO  com.yunfei.toolmaker.service.impl.TimedMsgServiceImpl - the key doesn't exist.
15:15:51.280 [pool-2-thread-1] INFO  com.yunfei.toolmaker.service.impl.TimedMsgServiceImpl - the key doesn't exist.
15:15:56.278 [pool-2-thread-1] INFO  com.yunfei.toolmaker.service.impl.TimedMsgServiceImpl - the key doesn't exist.
15:16:01.275 [pool-2-thread-1] INFO  com.yunfei.toolmaker.service.impl.TimedMsgServiceImpl - the key doesn't exist.
15:16:06.271 [pool-2-thread-1] INFO  com.yunfei.toolmaker.service.impl.TimedMsgServiceImpl - the key doesn't exist.
15:16:11.283 [pool-2-thread-1] INFO  com.yunfei.toolmaker.service.impl.TimedMsgServiceImpl - the key doesn't exist.
15:16:16.275 [pool-2-thread-1] INFO  com.yunfei.toolmaker.service.impl.TimedMsgServiceImpl - the key doesn't exist.
15:16:21.277 [pool-2-thread-1] INFO  com.yunfei.toolmaker.service.impl.TimedMsgServiceImpl - the key doesn't exist.
15:16:26.274 [pool-2-thread-1] INFO  com.yunfei.toolmaker.service.impl.TimedMsgServiceImpl - the key doesn't exist.
15:16:31.278 [pool-2-thread-1] INFO  com.yunfei.toolmaker.service.impl.TimedMsgServiceImpl - the key doesn't exist.
15:16:36.277 [pool-2-thread-1] INFO  com.yunfei.toolmaker.service.impl.TimedMsgServiceImpl - the key doesn't exist.
15:16:41.279 [pool-2-thread-1] INFO  com.yunfei.toolmaker.service.impl.TimedMsgServiceImpl - the key doesn't exist.
15:16:45.922 [SpringApplicationShutdownHook] INFO  com.zaxxer.hikari.HikariDataSource - HikariPool-1 - Shutdown initiated...
15:16:45.932 [SpringApplicationShutdownHook] INFO  com.zaxxer.hikari.HikariDataSource - HikariPool-1 - Shutdown completed.
